<?xml version="1.0" encoding="UTF-8"?>
<robot generator="Robot 7.1.1 (Python 3.13.1 on darwin)" generated="2024-12-17T22:42:40.044572" rpa="false" schemaversion="5">
<suite id="s1" name="CheckoutWorkflowTest" source="/Users/Jay/Workspace/RobotFramework-Playwright-Library-UI/Tests/CheckoutWorkflowTest.robot">
<test id="s1-t1" name="Login as a standard user to complete the checkout workflow" line="50">
<kw name="LoginPage.OpenApp" owner="LoginPage">
<kw name="New Browser" owner="Browser">
<msg time="2024-12-17T22:42:40.332786" level="INFO">{"browser": "webkit", "headless": false, "chromiumSandbox": false, "devtools": false, "handleSIGHUP": true, "handleSIGINT": true, "handleSIGTERM": true, "slowMo": 0.0, "timeout": 30000.0, "tracesDir": "/Users/Jay/Workspace/RobotFramework-Playwright-Library-UI/Report/browser/traces/temp/06d6025c-e542-493e-9b69-76b7be6f7a64"}</msg>
<msg time="2024-12-17T22:42:40.419745" level="INFO">Starting Browser process /Library/Frameworks/Python.framework/Versions/3.13/lib/python3.13/site-packages/Browser/wrapper/index.js using port 53923</msg>
<msg time="2024-12-17T22:42:40.419922" level="INFO">Node startup parameters: ['node', '/Library/Frameworks/Python.framework/Versions/3.13/lib/python3.13/site-packages/Browser/wrapper/index.js', '53923']</msg>
<msg time="2024-12-17T22:42:42.468688" level="INFO">Successfully created browser with options: {"browser":"webkit","headless":false,"chromiumSandbox":false,"devtools":false,"handleSIGHUP":true,"handleSIGINT":true,"handleSIGTERM":true,"slowMo":0,"timeout":30000,"tracesDir":"/Users/Jay/Workspace/RobotFramework-Playwright-Library-UI/Report/browser/traces/temp/06d6025c-e542-493e-9b69-76b7be6f7a64"}</msg>
<arg>webkit</arg>
<arg>headless=False</arg>
<tag>BrowserControl</tag>
<tag>Setter</tag>
<doc>Create a new playwright Browser with specified options.</doc>
<status status="PASS" start="2024-12-17T22:42:40.331944" elapsed="2.137082"/>
</kw>
<kw name="New Page" owner="Browser">
<msg time="2024-12-17T22:42:43.340956" level="INFO">Successfully initialized new page object and opened url: https://www.saucedemo.com/</msg>
<msg time="2024-12-17T22:42:43.341041" level="INFO">No context was open. New context was automatically opened when this page is created.</msg>
<arg>${BASE_URL}</arg>
<tag>BrowserControl</tag>
<tag>Setter</tag>
<doc>Open a new Page.</doc>
<status status="PASS" start="2024-12-17T22:42:42.469588" elapsed="0.871658"/>
</kw>
<status status="PASS" start="2024-12-17T22:42:40.330810" elapsed="3.010640"/>
</kw>
<kw name="LoginPage.TypeText" owner="LoginPage">
<kw name="Fill Text" owner="Browser">
<msg time="2024-12-17T22:42:43.343874" level="INFO">Fills the text 'standard_user' in the given field.</msg>
<arg>${LOCATOR}</arg>
<arg>${TEST_DATA}</arg>
<tag>PageContent</tag>
<tag>Setter</tag>
<doc>Clears and fills the given ``txt`` into the text field found by ``selector``.</doc>
<status status="PASS" start="2024-12-17T22:42:43.343116" elapsed="0.076017"/>
</kw>
<arg>${USERNAME}</arg>
<arg>${TEST_DATA_USERNAME}</arg>
<status status="PASS" start="2024-12-17T22:42:43.342160" elapsed="0.077239"/>
</kw>
<kw name="LoginPage.TypeText" owner="LoginPage">
<kw name="Fill Text" owner="Browser">
<msg time="2024-12-17T22:42:43.420911" level="INFO">Fills the text 'secret_sauce' in the given field.</msg>
<arg>${LOCATOR}</arg>
<arg>${TEST_DATA}</arg>
<tag>PageContent</tag>
<tag>Setter</tag>
<doc>Clears and fills the given ``txt`` into the text field found by ``selector``.</doc>
<status status="PASS" start="2024-12-17T22:42:43.420306" elapsed="0.019009"/>
</kw>
<arg>${PASSWORD}</arg>
<arg>${TEST_DATA_PASSWORD}</arg>
<status status="PASS" start="2024-12-17T22:42:43.419834" elapsed="0.019760"/>
</kw>
<kw name="LoginPage.WaitAndClick" owner="LoginPage">
<kw name="Wait For Elements State" owner="Browser">
<msg time="2024-12-17T22:42:43.473656" level="INFO">Waited for Element with selector data-test=login-button at state enabled</msg>
<arg>${LOCATOR}</arg>
<arg>enabled</arg>
<arg>timeout=2s</arg>
<tag>PageContent</tag>
<tag>Wait</tag>
<doc>Waits for the element found by ``selector`` to satisfy state option.</doc>
<status status="PASS" start="2024-12-17T22:42:43.441120" elapsed="0.032779"/>
</kw>
<kw name="Click" owner="Browser">
<msg time="2024-12-17T22:42:43.475483" level="INFO">Clicks the element 'data-test=login-button'.</msg>
<arg>${LOCATOR}</arg>
<tag>PageContent</tag>
<tag>Setter</tag>
<doc>Simulates mouse click on the element found by ``selector``.</doc>
<status status="PASS" start="2024-12-17T22:42:43.474233" elapsed="0.071421"/>
</kw>
<arg>${LOGIN_BUTTON}</arg>
<status status="PASS" start="2024-12-17T22:42:43.440294" elapsed="0.105515"/>
</kw>
<kw name="LoginPage.WaitForPageLoad" owner="LoginPage">
<kw name="Wait Until Network Is Idle" owner="Browser">
<msg time="2024-12-17T22:42:43.546996" level="WARN">Keyword 'Browser.Wait Until Network Is Idle' is deprecated. Use `Wait For Load State` instead. rfbrowser transform --wait-until-network-is-idle path/to/test command automatically transforms keyword to new format.</msg>
<msg time="2024-12-17T22:42:43.547758" level="INFO">Waiting page load to state to receive networkidle in 10000.0</msg>
<msg time="2024-12-17T22:42:45.030126" level="INFO">Load state networkidle got in 10000</msg>
<tag>HTTP</tag>
<tag>Wait</tag>
<doc>*DEPRECATED!!* Use `Wait For Load State` instead. rfbrowser transform --wait-until-network-is-idle path/to/test command automatically transforms keyword to new format.</doc>
<status status="PASS" start="2024-12-17T22:42:43.546837" elapsed="1.483448"/>
</kw>
<status status="PASS" start="2024-12-17T22:42:43.546325" elapsed="1.484083"/>
</kw>
<kw name="ProductsPage.GetTitle" owner="ProductsPage">
<kw name="Get Title" owner="Browser">
<msg time="2024-12-17T22:42:45.036534" level="INFO">Title: 'Swag Labs'</msg>
<arg>==</arg>
<arg>${TITLE}</arg>
<tag>Assertion</tag>
<tag>Getter</tag>
<tag>PageContent</tag>
<doc>Returns the title of the current page.</doc>
<status status="PASS" start="2024-12-17T22:42:45.031150" elapsed="0.005530"/>
</kw>
<arg>${TEST_DATA_PRODUCTS_PAGE_TITLE}</arg>
<status status="PASS" start="2024-12-17T22:42:45.030709" elapsed="0.006105"/>
</kw>
<kw name="ProductsPage.GetUrl" owner="ProductsPage">
<kw name="Get Url" owner="Browser">
<arg>==</arg>
<arg>${URL}</arg>
<tag>Assertion</tag>
<tag>Getter</tag>
<tag>PageContent</tag>
<doc>Returns the current URL.</doc>
<status status="PASS" start="2024-12-17T22:42:45.037636" elapsed="0.003376"/>
</kw>
<arg>${TEST_DATA_PRODUCTS_PAGE_URL}</arg>
<status status="PASS" start="2024-12-17T22:42:45.037180" elapsed="0.003977"/>
</kw>
<kw name="ProductsPage.LogoVisible" owner="ProductsPage">
<kw name="Get Element States" owner="Browser">
<msg time="2024-12-17T22:42:45.072640" level="INFO">States are: ['attached', 'visible', 'enabled', 'editable', 'defocused']</msg>
<arg>${LOGO}</arg>
<arg>validate</arg>
<arg>value | visible</arg>
<tag>Assertion</tag>
<tag>Getter</tag>
<tag>PageContent</tag>
<doc>Get the active states from the element found by ``selector``.</doc>
<status status="PASS" start="2024-12-17T22:42:45.042004" elapsed="0.030757"/>
</kw>
<arg>${PRODUCTS_APP_LOGO}</arg>
<status status="PASS" start="2024-12-17T22:42:45.041491" elapsed="0.031407"/>
</kw>
<kw name="ProductsPage.ImageVisible" owner="ProductsPage">
<kw name="Get Element States" owner="Browser">
<msg time="2024-12-17T22:42:45.326756" level="INFO">States are: ['detached']</msg>
<arg>${IMAGE}</arg>
<arg>validate</arg>
<arg>value | visible</arg>
<tag>Assertion</tag>
<tag>Getter</tag>
<tag>PageContent</tag>
<doc>Get the active states from the element found by ``selector``.</doc>
<status status="PASS" start="2024-12-17T22:42:45.073667" elapsed="0.253182"/>
</kw>
<arg>${PRODUCTS_PAGE_ICON}</arg>
<status status="PASS" start="2024-12-17T22:42:45.073213" elapsed="0.253745"/>
</kw>
<kw name="ProductsPage.BackPackImageVisible" owner="ProductsPage">
<kw name="Get Element States" owner="Browser">
<msg time="2024-12-17T22:42:45.348289" level="INFO">States are: ['attached', 'visible', 'enabled', 'editable', 'defocused']</msg>
<arg>${BACKPACK_IMAGE}</arg>
<arg>validate</arg>
<arg>value | visible</arg>
<tag>Assertion</tag>
<tag>Getter</tag>
<tag>PageContent</tag>
<doc>Get the active states from the element found by ``selector``.</doc>
<status status="PASS" start="2024-12-17T22:42:45.327716" elapsed="0.020688"/>
</kw>
<arg>${PRODUCT_BAGPACK_IMG}</arg>
<status status="PASS" start="2024-12-17T22:42:45.327321" elapsed="0.021297"/>
</kw>
<kw name="ProductsPage.ElementEnabled" owner="ProductsPage">
<kw name="Get Element States" owner="Browser">
<msg time="2024-12-17T22:42:45.367716" level="INFO">States are: ['attached', 'visible', 'enabled', 'editable', 'defocused']</msg>
<arg>${LOCATOR}</arg>
<arg>validate</arg>
<arg>value | enabled</arg>
<tag>Assertion</tag>
<tag>Getter</tag>
<tag>PageContent</tag>
<doc>Get the active states from the element found by ``selector``.</doc>
<status status="PASS" start="2024-12-17T22:42:45.349342" elapsed="0.018491"/>
</kw>
<arg>${PRODUCT_BAGPACK_ADD_TO_CART_BUTTON}</arg>
<status status="PASS" start="2024-12-17T22:42:45.348918" elapsed="0.019050"/>
</kw>
<kw name="ProductsPage.WaitAndClick" owner="ProductsPage">
<kw name="Click" owner="Browser">
<msg time="2024-12-17T22:42:45.369215" level="INFO">Clicks the element 'data-test=add-to-cart-sauce-labs-backpack'.</msg>
<arg>${LOCATOR}</arg>
<tag>PageContent</tag>
<tag>Setter</tag>
<doc>Simulates mouse click on the element found by ``selector``.</doc>
<status status="PASS" start="2024-12-17T22:42:45.368686" elapsed="0.027578"/>
</kw>
<arg>${PRODUCT_BAGPACK_ADD_TO_CART_BUTTON}</arg>
<status status="PASS" start="2024-12-17T22:42:45.368270" elapsed="0.028241"/>
</kw>
<kw name="ProductsPage.CartCountVisible" owner="ProductsPage">
<kw name="Get Element States" owner="Browser">
<msg time="2024-12-17T22:42:45.417632" level="INFO">States are: ['attached', 'visible', 'enabled', 'editable', 'defocused']</msg>
<arg>${COUNT}</arg>
<arg>validate</arg>
<arg>value | visible</arg>
<tag>Assertion</tag>
<tag>Getter</tag>
<tag>PageContent</tag>
<doc>Get the active states from the element found by ``selector``.</doc>
<status status="PASS" start="2024-12-17T22:42:45.397340" elapsed="0.020500"/>
</kw>
<arg>${CART_COUNT_VISIBLE}</arg>
<status status="PASS" start="2024-12-17T22:42:45.396894" elapsed="0.021124"/>
</kw>
<kw name="ProductsPage.WaitAndClick" owner="ProductsPage">
<kw name="Click" owner="Browser">
<msg time="2024-12-17T22:42:45.419421" level="INFO">Clicks the element 'css=a.shopping_cart_link'.</msg>
<arg>${LOCATOR}</arg>
<tag>PageContent</tag>
<tag>Setter</tag>
<doc>Simulates mouse click on the element found by ``selector``.</doc>
<status status="PASS" start="2024-12-17T22:42:45.418891" elapsed="0.037110"/>
</kw>
<arg>${SHOPPING_CART_LINK}</arg>
<status status="PASS" start="2024-12-17T22:42:45.418440" elapsed="0.037730"/>
</kw>
<kw name="YourCartPage.HeaderVisible" owner="YourCartPage">
<kw name="Get Element States" owner="Browser">
<msg time="2024-12-17T22:42:45.475144" level="INFO">States are: ['attached', 'visible', 'enabled', 'editable', 'defocused']</msg>
<arg>${HEADER}</arg>
<arg>validate</arg>
<arg>value | visible</arg>
<tag>Assertion</tag>
<tag>Getter</tag>
<tag>PageContent</tag>
<doc>Get the active states from the element found by ``selector``.</doc>
<status status="PASS" start="2024-12-17T22:42:45.457109" elapsed="0.018154"/>
</kw>
<arg>${YOUR_CART_PAGE_TITLE}</arg>
<status status="PASS" start="2024-12-17T22:42:45.456603" elapsed="0.018792"/>
</kw>
<kw name="YourCartPage.GetUrl" owner="YourCartPage">
<kw name="Get Url" owner="Browser">
<arg>==</arg>
<arg>${URL}</arg>
<tag>Assertion</tag>
<tag>Getter</tag>
<tag>PageContent</tag>
<doc>Returns the current URL.</doc>
<status status="PASS" start="2024-12-17T22:42:45.476129" elapsed="0.002118"/>
</kw>
<arg>${TEST_DATA_YOUR_CART_PAGE_URL}</arg>
<status status="PASS" start="2024-12-17T22:42:45.475695" elapsed="0.002718"/>
</kw>
<kw name=" YourCartPage.InventoryItemNameVisible" owner="YourCartPage">
<kw name="Get Element States" owner="Browser">
<msg time="2024-12-17T22:42:45.497120" level="INFO">States are: ['attached', 'visible', 'enabled', 'editable', 'defocused']</msg>
<arg>${INVENTORY_ITEM}</arg>
<arg>validate</arg>
<arg>value | visible</arg>
<tag>Assertion</tag>
<tag>Getter</tag>
<tag>PageContent</tag>
<doc>Get the active states from the element found by ``selector``.</doc>
<status status="PASS" start="2024-12-17T22:42:45.479130" elapsed="0.018243"/>
</kw>
<arg>${INVENTORY_ITEM_NAME}</arg>
<status status="PASS" start="2024-12-17T22:42:45.478715" elapsed="0.018844"/>
</kw>
<kw name="YourCartPage.CheckoutButtonEnabled" owner="YourCartPage">
<kw name="Get Element States" owner="Browser">
<msg time="2024-12-17T22:42:45.515269" level="INFO">States are: ['attached', 'visible', 'enabled', 'editable', 'defocused']</msg>
<arg>${LOCATOR}</arg>
<arg>validate</arg>
<arg>value | enabled</arg>
<tag>Assertion</tag>
<tag>Getter</tag>
<tag>PageContent</tag>
<doc>Get the active states from the element found by ``selector``.</doc>
<status status="PASS" start="2024-12-17T22:42:45.498326" elapsed="0.017058"/>
</kw>
<arg>${CHECKOUT_BUTTON}</arg>
<status status="PASS" start="2024-12-17T22:42:45.497887" elapsed="0.017637"/>
</kw>
<kw name="YourCartPage.ClickCheckoutButton" owner="YourCartPage">
<kw name="Click" owner="Browser">
<msg time="2024-12-17T22:42:45.516712" level="INFO">Clicks the element 'data-test=checkout'.</msg>
<arg>${LOCATOR}</arg>
<tag>PageContent</tag>
<tag>Setter</tag>
<doc>Simulates mouse click on the element found by ``selector``.</doc>
<status status="PASS" start="2024-12-17T22:42:45.516222" elapsed="0.036571"/>
</kw>
<arg>${CHECKOUT_BUTTON}</arg>
<status status="PASS" start="2024-12-17T22:42:45.515817" elapsed="0.037126"/>
</kw>
<kw name="CheckoutYourInformationPage.HeaderVisible" owner="CheckoutYourInformationPage">
<kw name="Get Element States" owner="Browser">
<msg time="2024-12-17T22:42:45.573046" level="INFO">States are: ['attached', 'visible', 'enabled', 'editable', 'defocused']</msg>
<arg>${HEADER}</arg>
<arg>validate</arg>
<arg>value | visible</arg>
<tag>Assertion</tag>
<tag>Getter</tag>
<tag>PageContent</tag>
<doc>Get the active states from the element found by ``selector``.</doc>
<status status="PASS" start="2024-12-17T22:42:45.554099" elapsed="0.019070"/>
</kw>
<arg>${CHECKOUT_YOUR_INFORMATION_PAGE_TITLE}</arg>
<status status="PASS" start="2024-12-17T22:42:45.553488" elapsed="0.019885"/>
</kw>
<kw name="CheckoutYourInformationPage.GetUrl" owner="CheckoutYourInformationPage">
<kw name="Get Url" owner="Browser">
<arg>==</arg>
<arg>${URL}</arg>
<tag>Assertion</tag>
<tag>Getter</tag>
<tag>PageContent</tag>
<doc>Returns the current URL.</doc>
<status status="PASS" start="2024-12-17T22:42:45.574440" elapsed="0.002393"/>
</kw>
<arg>${TEST_DATA_CHECKOUT_YOUR_INFORMATION_PAGE_URL}</arg>
<status status="PASS" start="2024-12-17T22:42:45.573836" elapsed="0.003118"/>
</kw>
<kw name="CheckoutYourInformationPage.TypeText" owner="CheckoutYourInformationPage">
<kw name="Fill Text" owner="Browser">
<msg time="2024-12-17T22:42:45.578297" level="INFO">Fills the text 'TEST123' in the given field.</msg>
<arg>${LOCATOR}</arg>
<arg>${TEST_DATA}</arg>
<tag>PageContent</tag>
<tag>Setter</tag>
<doc>Clears and fills the given ``txt`` into the text field found by ``selector``.</doc>
<status status="PASS" start="2024-12-17T22:42:45.577691" elapsed="0.012815"/>
</kw>
<arg>${FIRST_NAME}</arg>
<arg>${TEST_DATA_FIRSTNAME}</arg>
<status status="PASS" start="2024-12-17T22:42:45.577263" elapsed="0.013465"/>
</kw>
<kw name="CheckoutYourInformationPage.TypeText" owner="CheckoutYourInformationPage">
<kw name="Fill Text" owner="Browser">
<msg time="2024-12-17T22:42:45.593310" level="INFO">Fills the text 'TEST123' in the given field.</msg>
<arg>${LOCATOR}</arg>
<arg>${TEST_DATA}</arg>
<tag>PageContent</tag>
<tag>Setter</tag>
<doc>Clears and fills the given ``txt`` into the text field found by ``selector``.</doc>
<status status="PASS" start="2024-12-17T22:42:45.592503" elapsed="0.013508"/>
</kw>
<arg>${LAST_NAME}</arg>
<arg>${TEST_DATA_LASTNAME}</arg>
<status status="PASS" start="2024-12-17T22:42:45.591520" elapsed="0.014699"/>
</kw>
<kw name="CheckoutYourInformationPage.TypeText" owner="CheckoutYourInformationPage">
<kw name="Fill Text" owner="Browser">
<msg time="2024-12-17T22:42:45.608669" level="INFO">Fills the text '00989' in the given field.</msg>
<arg>${LOCATOR}</arg>
<arg>${TEST_DATA}</arg>
<tag>PageContent</tag>
<tag>Setter</tag>
<doc>Clears and fills the given ``txt`` into the text field found by ``selector``.</doc>
<status status="PASS" start="2024-12-17T22:42:45.607292" elapsed="0.019070"/>
</kw>
<arg>${POSTAL_CODE}</arg>
<arg>${TEST_DATA_POSTAL_CODE}</arg>
<status status="PASS" start="2024-12-17T22:42:45.606696" elapsed="0.020009"/>
</kw>
<kw name="CheckoutYourInformationPage.ContinueButtoNEnabled" owner="CheckoutYourInformationPage">
<kw name="Get Element States" owner="Browser">
<msg time="2024-12-17T22:42:45.651182" level="INFO">States are: ['attached', 'visible', 'enabled', 'editable', 'defocused']</msg>
<arg>${LOCATOR}</arg>
<arg>validate</arg>
<arg>value | enabled</arg>
<tag>Assertion</tag>
<tag>Getter</tag>
<tag>PageContent</tag>
<doc>Get the active states from the element found by ``selector``.</doc>
<status status="PASS" start="2024-12-17T22:42:45.627941" elapsed="0.023363"/>
</kw>
<arg>${CONTINUE_BUTTON}</arg>
<status status="PASS" start="2024-12-17T22:42:45.627365" elapsed="0.024076"/>
</kw>
<kw name="CheckoutYourInformationPage.ClickContinueButton" owner="CheckoutYourInformationPage">
<kw name="Click" owner="Browser">
<msg time="2024-12-17T22:42:45.653075" level="INFO">Clicks the element 'data-test=continue'.</msg>
<arg>${LOCATOR}</arg>
<tag>PageContent</tag>
<tag>Setter</tag>
<doc>Simulates mouse click on the element found by ``selector``.</doc>
<status status="PASS" start="2024-12-17T22:42:45.652299" elapsed="0.043778"/>
</kw>
<arg>${CONTINUE_BUTTON}</arg>
<status status="PASS" start="2024-12-17T22:42:45.651847" elapsed="0.044451"/>
</kw>
<kw name="ChekoutOverviewPage.HeaderVisible" owner="ChekoutOverviewPage">
<kw name="Get Element States" owner="Browser">
<msg time="2024-12-17T22:42:45.727007" level="INFO">States are: ['attached', 'visible', 'enabled', 'editable', 'defocused']</msg>
<arg>${HEADER}</arg>
<arg>validate</arg>
<arg>value | visible</arg>
<tag>Assertion</tag>
<tag>Getter</tag>
<tag>PageContent</tag>
<doc>Get the active states from the element found by ``selector``.</doc>
<status status="PASS" start="2024-12-17T22:42:45.697847" elapsed="0.029291"/>
</kw>
<arg>${CHECKOUT_OVERVIEW_PAGE_TITLE}</arg>
<status status="PASS" start="2024-12-17T22:42:45.696776" elapsed="0.030496"/>
</kw>
<kw name="ChekoutOverviewPage.GetUrl" owner="ChekoutOverviewPage">
<kw name="Get Url" owner="Browser">
<arg>==</arg>
<arg>${URL}</arg>
<tag>Assertion</tag>
<tag>Getter</tag>
<tag>PageContent</tag>
<doc>Returns the current URL.</doc>
<status status="PASS" start="2024-12-17T22:42:45.728395" elapsed="0.003017"/>
</kw>
<arg>${CHECKOUT_OVERVIEW_PAGE_URL}</arg>
<status status="PASS" start="2024-12-17T22:42:45.727659" elapsed="0.003922"/>
</kw>
<kw name=" ChekoutOverviewPage.InventoryItemNameVisible" owner="ChekoutOverviewPage">
<kw name="Get Element States" owner="Browser">
<msg time="2024-12-17T22:42:45.758868" level="INFO">States are: ['attached', 'visible', 'enabled', 'editable', 'defocused']</msg>
<arg>${INVENTORY_ITEM}</arg>
<arg>validate</arg>
<arg>value | visible</arg>
<tag>Assertion</tag>
<tag>Getter</tag>
<tag>PageContent</tag>
<doc>Get the active states from the element found by ``selector``.</doc>
<status status="PASS" start="2024-12-17T22:42:45.732452" elapsed="0.026539"/>
</kw>
<arg>${CHECKOUT_OVERVIEW_PAGE_INVENTORY_ITEM_NAME}</arg>
<status status="PASS" start="2024-12-17T22:42:45.731984" elapsed="0.027252"/>
</kw>
<kw name="ChekoutOverviewPage.FinishButtonEnabled" owner="ChekoutOverviewPage">
<kw name="Get Element States" owner="Browser">
<msg time="2024-12-17T22:42:45.778865" level="INFO">States are: ['attached', 'visible', 'enabled', 'editable', 'defocused']</msg>
<arg>${LOCATOR}</arg>
<arg>validate</arg>
<arg>value | enabled</arg>
<tag>Assertion</tag>
<tag>Getter</tag>
<tag>PageContent</tag>
<doc>Get the active states from the element found by ``selector``.</doc>
<status status="PASS" start="2024-12-17T22:42:45.760863" elapsed="0.018125"/>
</kw>
<arg>${FINISH_BUTTON}</arg>
<status status="PASS" start="2024-12-17T22:42:45.759867" elapsed="0.019262"/>
</kw>
<kw name="ChekoutOverviewPage.ClickFinishButton" owner="ChekoutOverviewPage">
<kw name="Click" owner="Browser">
<msg time="2024-12-17T22:42:45.780876" level="INFO">Clicks the element 'data-test=finish'.</msg>
<arg>${LOCATOR}</arg>
<tag>PageContent</tag>
<tag>Setter</tag>
<doc>Simulates mouse click on the element found by ``selector``.</doc>
<status status="PASS" start="2024-12-17T22:42:45.780134" elapsed="0.025558"/>
</kw>
<arg>${FINISH_BUTTON}</arg>
<status status="PASS" start="2024-12-17T22:42:45.779588" elapsed="0.026450"/>
</kw>
<kw name="CheckoutCompletePage.HeaderVisible" owner="CheckoutCompletePage">
<kw name="Get Element States" owner="Browser">
<msg time="2024-12-17T22:42:45.824984" level="INFO">States are: ['attached', 'visible', 'enabled', 'editable', 'defocused']</msg>
<arg>${HEADER}</arg>
<arg>validate</arg>
<arg>value | visible</arg>
<tag>Assertion</tag>
<tag>Getter</tag>
<tag>PageContent</tag>
<doc>Get the active states from the element found by ``selector``.</doc>
<status status="PASS" start="2024-12-17T22:42:45.806886" elapsed="0.018224"/>
</kw>
<arg>${CHECKOUT_COMPLETE_PAGE_TITLE}</arg>
<status status="PASS" start="2024-12-17T22:42:45.806414" elapsed="0.018874"/>
</kw>
<kw name="CheckoutCompletePage.GetUrl" owner="CheckoutCompletePage">
<kw name="Get Url" owner="Browser">
<arg>==</arg>
<arg>${URL}</arg>
<tag>Assertion</tag>
<tag>Getter</tag>
<tag>PageContent</tag>
<doc>Returns the current URL.</doc>
<status status="PASS" start="2024-12-17T22:42:45.826192" elapsed="0.002275"/>
</kw>
<arg>${CHECKOUT_COMPLETE_PAGE_URL}</arg>
<status status="PASS" start="2024-12-17T22:42:45.825748" elapsed="0.002844"/>
</kw>
<kw name=" CheckoutCompletePage.HeaderAndMessagetextVisible" owner="CheckoutCompletePage">
<kw name="Get Element States" owner="Browser">
<msg time="2024-12-17T22:42:45.846749" level="INFO">States are: ['attached', 'visible', 'enabled', 'editable', 'defocused']</msg>
<arg>${HEADER}</arg>
<arg>validate</arg>
<arg>value | visible</arg>
<tag>Assertion</tag>
<tag>Getter</tag>
<tag>PageContent</tag>
<doc>Get the active states from the element found by ``selector``.</doc>
<status status="PASS" start="2024-12-17T22:42:45.829354" elapsed="0.017520"/>
</kw>
<kw name="Get Element States" owner="Browser">
<msg time="2024-12-17T22:42:45.864085" level="INFO">States are: ['attached', 'visible', 'enabled', 'editable', 'defocused']</msg>
<arg>${TEXT}</arg>
<arg>validate</arg>
<arg>value | visible</arg>
<tag>Assertion</tag>
<tag>Getter</tag>
<tag>PageContent</tag>
<doc>Get the active states from the element found by ``selector``.</doc>
<status status="PASS" start="2024-12-17T22:42:45.847149" elapsed="0.017055"/>
</kw>
<arg>${CHECKOUT_COMPLETE_PAGE_THANK_YOU_HEADER}</arg>
<arg>${COMPLETE_TEXT_MESSAGE}</arg>
<status status="PASS" start="2024-12-17T22:42:45.828899" elapsed="0.035438"/>
</kw>
<kw name="CheckoutCompletePage.PonyImagevisible" owner="CheckoutCompletePage">
<kw name="Get Element States" owner="Browser">
<msg time="2024-12-17T22:42:45.882832" level="INFO">States are: ['attached', 'visible', 'enabled', 'editable', 'defocused']</msg>
<arg>${LOCATOR}</arg>
<arg>validate</arg>
<arg>value | enabled</arg>
<tag>Assertion</tag>
<tag>Getter</tag>
<tag>PageContent</tag>
<doc>Get the active states from the element found by ``selector``.</doc>
<status status="PASS" start="2024-12-17T22:42:45.865085" elapsed="0.017869"/>
</kw>
<arg>${PONY_EXPRESS_IMAGE}</arg>
<status status="PASS" start="2024-12-17T22:42:45.864646" elapsed="0.018443"/>
</kw>
<kw name="CheckoutCompletePage.BackHomeButtoNEnabled" owner="CheckoutCompletePage">
<kw name="Get Element States" owner="Browser">
<msg time="2024-12-17T22:42:45.900320" level="INFO">States are: ['attached', 'visible', 'enabled', 'editable', 'defocused']</msg>
<arg>${LOCATOR}</arg>
<arg>validate</arg>
<arg>value | enabled</arg>
<tag>Assertion</tag>
<tag>Getter</tag>
<tag>PageContent</tag>
<doc>Get the active states from the element found by ``selector``.</doc>
<status status="PASS" start="2024-12-17T22:42:45.883837" elapsed="0.016606"/>
</kw>
<arg>${BACK_HOME_BUTTON}</arg>
<status status="PASS" start="2024-12-17T22:42:45.883397" elapsed="0.017258"/>
</kw>
<kw name="CheckoutCompletePage.ClickBackHomeButton" owner="CheckoutCompletePage">
<kw name="Click" owner="Browser">
<msg time="2024-12-17T22:42:45.901933" level="INFO">Clicks the element 'data-test=back-to-products'.</msg>
<arg>${LOCATOR}</arg>
<tag>PageContent</tag>
<tag>Setter</tag>
<doc>Simulates mouse click on the element found by ``selector``.</doc>
<status status="PASS" start="2024-12-17T22:42:45.901412" elapsed="0.040530"/>
</kw>
<arg>${BACK_HOME_BUTTON}</arg>
<status status="PASS" start="2024-12-17T22:42:45.900973" elapsed="0.041110"/>
</kw>
<kw name="ProductsPage.TitleVisible" owner="ProductsPage">
<kw name="Get Element States" owner="Browser">
<msg time="2024-12-17T22:42:45.966613" level="INFO">States are: ['attached', 'visible', 'enabled', 'editable', 'defocused']</msg>
<arg>${LOGO}</arg>
<arg>validate</arg>
<arg>value | visible</arg>
<tag>Assertion</tag>
<tag>Getter</tag>
<tag>PageContent</tag>
<doc>Get the active states from the element found by ``selector``.</doc>
<status status="PASS" start="2024-12-17T22:42:45.943057" elapsed="0.023685"/>
</kw>
<arg>${PRODUCTS_PAGE_TITLE}</arg>
<status status="PASS" start="2024-12-17T22:42:45.942489" elapsed="0.024424"/>
</kw>
<kw name="ProductsPage.GetUrl" owner="ProductsPage">
<kw name="Get Url" owner="Browser">
<arg>==</arg>
<arg>${URL}</arg>
<tag>Assertion</tag>
<tag>Getter</tag>
<tag>PageContent</tag>
<doc>Returns the current URL.</doc>
<status status="PASS" start="2024-12-17T22:42:45.967689" elapsed="0.002566"/>
</kw>
<arg>${TEST_DATA_PRODUCTS_PAGE_URL}</arg>
<status status="PASS" start="2024-12-17T22:42:45.967247" elapsed="0.003149"/>
</kw>
<kw name="ProductsPage.WaitAndClick" owner="ProductsPage">
<kw name="Click" owner="Browser">
<msg time="2024-12-17T22:42:45.971999" level="INFO">Clicks the element 'css=#react-burger-menu-btn'.</msg>
<arg>${LOCATOR}</arg>
<tag>PageContent</tag>
<tag>Setter</tag>
<doc>Simulates mouse click on the element found by ``selector``.</doc>
<status status="PASS" start="2024-12-17T22:42:45.971352" elapsed="0.024430"/>
</kw>
<arg>${BURGER_BUTTON}</arg>
<status status="PASS" start="2024-12-17T22:42:45.970802" elapsed="0.025131"/>
</kw>
<kw name="ProductsPage.WaitAndClick" owner="ProductsPage">
<kw name="Click" owner="Browser">
<msg time="2024-12-17T22:42:45.997637" level="INFO">Clicks the element 'css=#logout_sidebar_link'.</msg>
<arg>${LOCATOR}</arg>
<tag>PageContent</tag>
<tag>Setter</tag>
<doc>Simulates mouse click on the element found by ``selector``.</doc>
<status status="PASS" start="2024-12-17T22:42:45.996845" elapsed="0.863302"/>
</kw>
<arg>${LOGOUT_BUTTON}</arg>
<status status="PASS" start="2024-12-17T22:42:45.996252" elapsed="0.864053"/>
</kw>
<kw name="LoginPage.GetUrl" owner="LoginPage">
<kw name="Get Url" owner="Browser">
<arg>==</arg>
<arg>${URL}</arg>
<tag>Assertion</tag>
<tag>Getter</tag>
<tag>PageContent</tag>
<doc>Returns the current URL.</doc>
<status status="PASS" start="2024-12-17T22:42:46.861302" elapsed="0.002731"/>
</kw>
<arg>${BASE_URL}</arg>
<status status="PASS" start="2024-12-17T22:42:46.860818" elapsed="0.003358"/>
</kw>
<kw name="LoginPage.ElementVisible" owner="LoginPage">
<kw name="Get Element States" owner="Browser">
<msg time="2024-12-17T22:42:47.118056" level="INFO">States are: ['detached']</msg>
<arg>${LOCATOR}</arg>
<arg>validate</arg>
<arg>value | visible</arg>
<tag>Assertion</tag>
<tag>Getter</tag>
<tag>PageContent</tag>
<doc>Get the active states from the element found by ``selector``.</doc>
<status status="PASS" start="2024-12-17T22:42:46.865051" elapsed="0.253102"/>
</kw>
<arg>${BOT_IMAGE}</arg>
<status status="PASS" start="2024-12-17T22:42:46.864520" elapsed="0.253739"/>
</kw>
<status status="PASS" start="2024-12-17T22:42:40.329870" elapsed="6.788592"/>
</test>
<doc>User completes the checkout workflow on the Saucedemo app</doc>
<status status="PASS" start="2024-12-17T22:42:40.045516" elapsed="7.148773"/>
</suite>
<statistics>
<total>
<stat pass="1" fail="0" skip="0">All Tests</stat>
</total>
<tag>
</tag>
<suite>
<stat pass="1" fail="0" skip="0" id="s1" name="CheckoutWorkflowTest">CheckoutWorkflowTest</stat>
</suite>
</statistics>
<errors>
<msg time="2024-12-17T22:42:43.546996" level="WARN">Keyword 'Browser.Wait Until Network Is Idle' is deprecated. Use `Wait For Load State` instead. rfbrowser transform --wait-until-network-is-idle path/to/test command automatically transforms keyword to new format.</msg>
</errors>
</robot>
