<?xml version="1.0" encoding="UTF-8"?>
<robot generator="Robot 5.0.1 (Python 3.10.5 on darwin)" generated="20220807 23:12:08.566" rpa="false" schemaversion="3">
<suite id="s1" name="CheckoutWorkflowTest" source="/Users/Jay/Desktop/RobotFramework-Playwright/Tests/CheckoutWorkflowTest.robot">
<test id="s1-t1" name="Login as a standard user to complete the checkout workflow" line="50">
<kw name="LoginPage.OpenApp" library="LoginPage">
<kw name="New Browser" library="Browser">
<arg>webkit</arg>
<arg>headless=false</arg>
<tag>BrowserControl</tag>
<tag>Setter</tag>
<doc>Create a new playwright Browser with specified options.</doc>
<msg timestamp="20220807 23:12:09.060" level="INFO">{"browser": "webkit", "headless": false, "handleSIGINT": true, "handleSIGTERM": true, "handleSIGHUP": true, "timeout": 30000.0, "devtools": false, "slowMo": 0.0, "tracesDir": "/Users/Jay/Desktop/RobotFramework-Playwright/Report/browser/traces/4a7cd0e5-8f85-4c01-97d5-c0379c172423"}</msg>
<msg timestamp="20220807 23:12:09.298" level="INFO">Successfully created browser with options: {"browser":"webkit","headless":false,"handleSIGINT":true,"handleSIGTERM":true,"handleSIGHUP":true,"timeout":30000,"devtools":false,"slowMo":0,"tracesDir":"/Users/Jay/Desktop/RobotFramework-Playwright/Report/browser/traces/4a7cd0e5-8f85-4c01-97d5-c0379c172423"}</msg>
<status status="PASS" starttime="20220807 23:12:09.060" endtime="20220807 23:12:09.298"/>
</kw>
<kw name="New Page" library="Browser">
<arg>${BASE_URL}</arg>
<tag>BrowserControl</tag>
<tag>Setter</tag>
<doc>Open a new Page.</doc>
<msg timestamp="20220807 23:12:09.813" level="INFO">Successfully initialized new page object and opened url: https://www.saucedemo.com/</msg>
<msg timestamp="20220807 23:12:09.813" level="INFO">No context was open. New context was automatically opened when this page is created.</msg>
<status status="PASS" starttime="20220807 23:12:09.298" endtime="20220807 23:12:09.814"/>
</kw>
<status status="PASS" starttime="20220807 23:12:09.059" endtime="20220807 23:12:09.814"/>
</kw>
<kw name="LoginPage.TypeText" library="LoginPage">
<arg>${USERNAME}</arg>
<arg>${TEST_DATA_USERNAME}</arg>
<kw name="Fill Text" library="Browser">
<arg>${LOCATOR}</arg>
<arg>${TEST_DATA}</arg>
<tag>PageContent</tag>
<tag>Setter</tag>
<doc>Clears and fills the given ``txt`` into the text field found by ``selector``.</doc>
<msg timestamp="20220807 23:12:09.815" level="INFO">Fills the text 'standard_user' in the given field.</msg>
<status status="PASS" starttime="20220807 23:12:09.814" endtime="20220807 23:12:09.959"/>
</kw>
<status status="PASS" starttime="20220807 23:12:09.814" endtime="20220807 23:12:09.959"/>
</kw>
<kw name="LoginPage.TypeText" library="LoginPage">
<arg>${PASSWORD}</arg>
<arg>${TEST_DATA_PASSWORD}</arg>
<kw name="Fill Text" library="Browser">
<arg>${LOCATOR}</arg>
<arg>${TEST_DATA}</arg>
<tag>PageContent</tag>
<tag>Setter</tag>
<doc>Clears and fills the given ``txt`` into the text field found by ``selector``.</doc>
<msg timestamp="20220807 23:12:09.961" level="INFO">Fills the text 'secret_sauce' in the given field.</msg>
<status status="PASS" starttime="20220807 23:12:09.961" endtime="20220807 23:12:09.989"/>
</kw>
<status status="PASS" starttime="20220807 23:12:09.960" endtime="20220807 23:12:09.989"/>
</kw>
<kw name="LoginPage.WaitAndClick" library="LoginPage">
<arg>${LOGIN_BUTTON}</arg>
<kw name="Wait For Elements State" library="Browser">
<arg>${LOCATOR}</arg>
<arg>enabled</arg>
<arg>timeout=2s</arg>
<tag>PageContent</tag>
<tag>Wait</tag>
<doc>Waits for the element found by ``selector`` to satisfy state option.</doc>
<msg timestamp="20220807 23:12:10.014" level="INFO">Waited for Element with selector data-test=login-button at state enabled</msg>
<status status="PASS" starttime="20220807 23:12:09.990" endtime="20220807 23:12:10.014"/>
</kw>
<kw name="Click" library="Browser">
<arg>${LOCATOR}</arg>
<tag>PageContent</tag>
<tag>Setter</tag>
<doc>Simulates mouse click on the element found by ``selector``.</doc>
<status status="PASS" starttime="20220807 23:12:10.014" endtime="20220807 23:12:10.135"/>
</kw>
<status status="PASS" starttime="20220807 23:12:09.989" endtime="20220807 23:12:10.136"/>
</kw>
<kw name="LoginPage.WaitForPageLoad" library="LoginPage">
<kw name="Wait Until Network Is Idle" library="Browser">
<tag>HTTP</tag>
<tag>Wait</tag>
<doc>Waits until there has been at least one instance of 500 ms of no network traffic on the page after loading.</doc>
<status status="PASS" starttime="20220807 23:12:10.136" endtime="20220807 23:12:10.684"/>
</kw>
<status status="PASS" starttime="20220807 23:12:10.136" endtime="20220807 23:12:10.684"/>
</kw>
<kw name="ProductsPage.GetTitle" library="ProductsPage">
<arg>${TEST_DATA_PRODUCTS_PAGE_TITLE}</arg>
<kw name="Get Title" library="Browser">
<arg>==</arg>
<arg>${TITLE}</arg>
<tag>Assertion</tag>
<tag>Getter</tag>
<tag>PageContent</tag>
<doc>Returns the title of the current page.</doc>
<status status="PASS" starttime="20220807 23:12:10.685" endtime="20220807 23:12:10.689"/>
</kw>
<status status="PASS" starttime="20220807 23:12:10.684" endtime="20220807 23:12:10.689"/>
</kw>
<kw name="ProductsPage.GetUrl" library="ProductsPage">
<arg>${TEST_DATA_PRODUCTS_PAGE_URL}</arg>
<kw name="Get Url" library="Browser">
<arg>==</arg>
<arg>${URL}</arg>
<tag>Assertion</tag>
<tag>Getter</tag>
<tag>PageContent</tag>
<doc>Returns the current URL.</doc>
<status status="PASS" starttime="20220807 23:12:10.689" endtime="20220807 23:12:10.691"/>
</kw>
<status status="PASS" starttime="20220807 23:12:10.689" endtime="20220807 23:12:10.691"/>
</kw>
<kw name="ProductsPage.LogoVisible" library="ProductsPage">
<arg>${PRODUCTS_APP_LOGO}</arg>
<kw name="Get Element States" library="Browser">
<arg>${LOGO}</arg>
<arg>validate</arg>
<arg>value | visible</arg>
<tag>Assertion</tag>
<tag>Getter</tag>
<tag>PageContent</tag>
<doc>Get the active states from the element found by ``selector``.</doc>
<msg timestamp="20220807 23:12:10.729" level="INFO">States are: ['attached', 'visible', 'enabled', 'editable', 'defocused']</msg>
<status status="PASS" starttime="20220807 23:12:10.692" endtime="20220807 23:12:10.729"/>
</kw>
<status status="PASS" starttime="20220807 23:12:10.691" endtime="20220807 23:12:10.729"/>
</kw>
<kw name="ProductsPage.ImageVisible" library="ProductsPage">
<arg>${PRODUCTS_PAGE_ICON}</arg>
<kw name="Get Element States" library="Browser">
<arg>${IMAGE}</arg>
<arg>validate</arg>
<arg>value | visible</arg>
<tag>Assertion</tag>
<tag>Getter</tag>
<tag>PageContent</tag>
<doc>Get the active states from the element found by ``selector``.</doc>
<msg timestamp="20220807 23:12:10.761" level="INFO">States are: ['attached', 'visible', 'enabled', 'editable', 'defocused']</msg>
<status status="PASS" starttime="20220807 23:12:10.730" endtime="20220807 23:12:10.761"/>
</kw>
<status status="PASS" starttime="20220807 23:12:10.729" endtime="20220807 23:12:10.761"/>
</kw>
<kw name="ProductsPage.BackPackImageVisible" library="ProductsPage">
<arg>${PRODUCT_BAGPACK_IMG}</arg>
<kw name="Get Element States" library="Browser">
<arg>${BACKPACK_IMAGE}</arg>
<arg>validate</arg>
<arg>value | visible</arg>
<tag>Assertion</tag>
<tag>Getter</tag>
<tag>PageContent</tag>
<doc>Get the active states from the element found by ``selector``.</doc>
<msg timestamp="20220807 23:12:10.792" level="INFO">States are: ['attached', 'visible', 'enabled', 'editable', 'defocused']</msg>
<status status="PASS" starttime="20220807 23:12:10.762" endtime="20220807 23:12:10.792"/>
</kw>
<status status="PASS" starttime="20220807 23:12:10.761" endtime="20220807 23:12:10.792"/>
</kw>
<kw name="ProductsPage.ElementEnabled" library="ProductsPage">
<arg>${PRODUCT_BAGPACK_ADD_TO_CART_BUTTON}</arg>
<kw name="Get Element States" library="Browser">
<arg>${LOCATOR}</arg>
<arg>validate</arg>
<arg>value | enabled</arg>
<tag>Assertion</tag>
<tag>Getter</tag>
<tag>PageContent</tag>
<doc>Get the active states from the element found by ``selector``.</doc>
<msg timestamp="20220807 23:12:10.818" level="INFO">States are: ['attached', 'visible', 'enabled', 'editable', 'defocused']</msg>
<status status="PASS" starttime="20220807 23:12:10.793" endtime="20220807 23:12:10.818"/>
</kw>
<status status="PASS" starttime="20220807 23:12:10.793" endtime="20220807 23:12:10.819"/>
</kw>
<kw name="ProductsPage.WaitAndClick" library="ProductsPage">
<arg>${PRODUCT_BAGPACK_ADD_TO_CART_BUTTON}</arg>
<kw name="Click" library="Browser">
<arg>${LOCATOR}</arg>
<tag>PageContent</tag>
<tag>Setter</tag>
<doc>Simulates mouse click on the element found by ``selector``.</doc>
<status status="PASS" starttime="20220807 23:12:10.819" endtime="20220807 23:12:10.856"/>
</kw>
<status status="PASS" starttime="20220807 23:12:10.819" endtime="20220807 23:12:10.856"/>
</kw>
<kw name="ProductsPage.CartCountVisible" library="ProductsPage">
<arg>${CART_COUNT_VISIBLE}</arg>
<kw name="Get Element States" library="Browser">
<arg>${COUNT}</arg>
<arg>validate</arg>
<arg>value | visible</arg>
<tag>Assertion</tag>
<tag>Getter</tag>
<tag>PageContent</tag>
<doc>Get the active states from the element found by ``selector``.</doc>
<msg timestamp="20220807 23:12:10.884" level="INFO">States are: ['attached', 'visible', 'enabled', 'editable', 'defocused']</msg>
<status status="PASS" starttime="20220807 23:12:10.857" endtime="20220807 23:12:10.885"/>
</kw>
<status status="PASS" starttime="20220807 23:12:10.857" endtime="20220807 23:12:10.885"/>
</kw>
<kw name="ProductsPage.WaitAndClick" library="ProductsPage">
<arg>${SHOPPING_CART_LINK}</arg>
<kw name="Click" library="Browser">
<arg>${LOCATOR}</arg>
<tag>PageContent</tag>
<tag>Setter</tag>
<doc>Simulates mouse click on the element found by ``selector``.</doc>
<status status="PASS" starttime="20220807 23:12:10.885" endtime="20220807 23:12:10.937"/>
</kw>
<status status="PASS" starttime="20220807 23:12:10.885" endtime="20220807 23:12:10.937"/>
</kw>
<kw name="YourCartPage.HeaderVisible" library="YourCartPage">
<arg>${YOUR_CART_PAGE_TITLE}</arg>
<kw name="Get Element States" library="Browser">
<arg>${HEADER}</arg>
<arg>validate</arg>
<arg>value | visible</arg>
<tag>Assertion</tag>
<tag>Getter</tag>
<tag>PageContent</tag>
<doc>Get the active states from the element found by ``selector``.</doc>
<msg timestamp="20220807 23:12:10.970" level="INFO">States are: ['attached', 'visible', 'enabled', 'editable', 'defocused']</msg>
<status status="PASS" starttime="20220807 23:12:10.938" endtime="20220807 23:12:10.971"/>
</kw>
<status status="PASS" starttime="20220807 23:12:10.937" endtime="20220807 23:12:10.971"/>
</kw>
<kw name="YourCartPage.GetUrl" library="YourCartPage">
<arg>${TEST_DATA_YOUR_CART_PAGE_URL}</arg>
<kw name="Get Url" library="Browser">
<arg>==</arg>
<arg>${URL}</arg>
<tag>Assertion</tag>
<tag>Getter</tag>
<tag>PageContent</tag>
<doc>Returns the current URL.</doc>
<status status="PASS" starttime="20220807 23:12:10.971" endtime="20220807 23:12:10.973"/>
</kw>
<status status="PASS" starttime="20220807 23:12:10.971" endtime="20220807 23:12:10.973"/>
</kw>
<kw name=" YourCartPage.InventoryItemNameVisible" library="YourCartPage">
<arg>${INVENTORY_ITEM_NAME}</arg>
<kw name="Get Element States" library="Browser">
<arg>${INVENTORY_ITEM}</arg>
<arg>validate</arg>
<arg>value | visible</arg>
<tag>Assertion</tag>
<tag>Getter</tag>
<tag>PageContent</tag>
<doc>Get the active states from the element found by ``selector``.</doc>
<msg timestamp="20220807 23:12:10.998" level="INFO">States are: ['attached', 'visible', 'enabled', 'editable', 'defocused']</msg>
<status status="PASS" starttime="20220807 23:12:10.974" endtime="20220807 23:12:10.998"/>
</kw>
<status status="PASS" starttime="20220807 23:12:10.974" endtime="20220807 23:12:10.998"/>
</kw>
<kw name="YourCartPage.CheckoutButtonEnabled" library="YourCartPage">
<arg>${CHECKOUT_BUTTON}</arg>
<kw name="Get Element States" library="Browser">
<arg>${LOCATOR}</arg>
<arg>validate</arg>
<arg>value | enabled</arg>
<tag>Assertion</tag>
<tag>Getter</tag>
<tag>PageContent</tag>
<doc>Get the active states from the element found by ``selector``.</doc>
<msg timestamp="20220807 23:12:11.021" level="INFO">States are: ['attached', 'visible', 'enabled', 'editable', 'defocused']</msg>
<status status="PASS" starttime="20220807 23:12:10.999" endtime="20220807 23:12:11.022"/>
</kw>
<status status="PASS" starttime="20220807 23:12:10.998" endtime="20220807 23:12:11.022"/>
</kw>
<kw name="YourCartPage.ClickCheckoutButton" library="YourCartPage">
<arg>${CHECKOUT_BUTTON}</arg>
<kw name="Click" library="Browser">
<arg>${LOCATOR}</arg>
<tag>PageContent</tag>
<tag>Setter</tag>
<doc>Simulates mouse click on the element found by ``selector``.</doc>
<status status="PASS" starttime="20220807 23:12:11.022" endtime="20220807 23:12:11.065"/>
</kw>
<status status="PASS" starttime="20220807 23:12:11.022" endtime="20220807 23:12:11.065"/>
</kw>
<kw name="CheckoutYourInformationPage.HeaderVisible" library="CheckoutYourInformationPage">
<arg>${CHECKOUT_YOUR_INFORMATION_PAGE_TITLE}</arg>
<kw name="Get Element States" library="Browser">
<arg>${HEADER}</arg>
<arg>validate</arg>
<arg>value | visible</arg>
<tag>Assertion</tag>
<tag>Getter</tag>
<tag>PageContent</tag>
<doc>Get the active states from the element found by ``selector``.</doc>
<msg timestamp="20220807 23:12:11.095" level="INFO">States are: ['attached', 'visible', 'enabled', 'editable', 'defocused']</msg>
<status status="PASS" starttime="20220807 23:12:11.065" endtime="20220807 23:12:11.095"/>
</kw>
<status status="PASS" starttime="20220807 23:12:11.065" endtime="20220807 23:12:11.095"/>
</kw>
<kw name="CheckoutYourInformationPage.GetUrl" library="CheckoutYourInformationPage">
<arg>${TEST_DATA_CHECKOUT_YOUR_INFORMATION_PAGE_URL}</arg>
<kw name="Get Url" library="Browser">
<arg>==</arg>
<arg>${URL}</arg>
<tag>Assertion</tag>
<tag>Getter</tag>
<tag>PageContent</tag>
<doc>Returns the current URL.</doc>
<status status="PASS" starttime="20220807 23:12:11.096" endtime="20220807 23:12:11.097"/>
</kw>
<status status="PASS" starttime="20220807 23:12:11.095" endtime="20220807 23:12:11.097"/>
</kw>
<kw name="CheckoutYourInformationPage.TypeText" library="CheckoutYourInformationPage">
<arg>${FIRST_NAME}</arg>
<arg>${TEST_DATA_FIRSTNAME}</arg>
<kw name="Fill Text" library="Browser">
<arg>${LOCATOR}</arg>
<arg>${TEST_DATA}</arg>
<tag>PageContent</tag>
<tag>Setter</tag>
<doc>Clears and fills the given ``txt`` into the text field found by ``selector``.</doc>
<msg timestamp="20220807 23:12:11.098" level="INFO">Fills the text 'TEST123' in the given field.</msg>
<status status="PASS" starttime="20220807 23:12:11.098" endtime="20220807 23:12:11.120"/>
</kw>
<status status="PASS" starttime="20220807 23:12:11.097" endtime="20220807 23:12:11.120"/>
</kw>
<kw name="CheckoutYourInformationPage.TypeText" library="CheckoutYourInformationPage">
<arg>${LAST_NAME}</arg>
<arg>${TEST_DATA_LASTNAME}</arg>
<kw name="Fill Text" library="Browser">
<arg>${LOCATOR}</arg>
<arg>${TEST_DATA}</arg>
<tag>PageContent</tag>
<tag>Setter</tag>
<doc>Clears and fills the given ``txt`` into the text field found by ``selector``.</doc>
<msg timestamp="20220807 23:12:11.122" level="INFO">Fills the text 'TEST123' in the given field.</msg>
<status status="PASS" starttime="20220807 23:12:11.121" endtime="20220807 23:12:11.138"/>
</kw>
<status status="PASS" starttime="20220807 23:12:11.120" endtime="20220807 23:12:11.138"/>
</kw>
<kw name="CheckoutYourInformationPage.TypeText" library="CheckoutYourInformationPage">
<arg>${POSTAL_CODE}</arg>
<arg>${TEST_DATA_POSTAL_CODE}</arg>
<kw name="Fill Text" library="Browser">
<arg>${LOCATOR}</arg>
<arg>${TEST_DATA}</arg>
<tag>PageContent</tag>
<tag>Setter</tag>
<doc>Clears and fills the given ``txt`` into the text field found by ``selector``.</doc>
<msg timestamp="20220807 23:12:11.139" level="INFO">Fills the text '00989' in the given field.</msg>
<status status="PASS" starttime="20220807 23:12:11.139" endtime="20220807 23:12:11.156"/>
</kw>
<status status="PASS" starttime="20220807 23:12:11.138" endtime="20220807 23:12:11.156"/>
</kw>
<kw name="CheckoutYourInformationPage.ContinueButtoNEnabled" library="CheckoutYourInformationPage">
<arg>${CONTINUE_BUTTON}</arg>
<kw name="Get Element States" library="Browser">
<arg>${LOCATOR}</arg>
<arg>validate</arg>
<arg>value | enabled</arg>
<tag>Assertion</tag>
<tag>Getter</tag>
<tag>PageContent</tag>
<doc>Get the active states from the element found by ``selector``.</doc>
<msg timestamp="20220807 23:12:11.182" level="INFO">States are: ['attached', 'visible', 'enabled', 'editable', 'defocused']</msg>
<status status="PASS" starttime="20220807 23:12:11.157" endtime="20220807 23:12:11.182"/>
</kw>
<status status="PASS" starttime="20220807 23:12:11.156" endtime="20220807 23:12:11.182"/>
</kw>
<kw name="CheckoutYourInformationPage.ClickContinueButton" library="CheckoutYourInformationPage">
<arg>${CONTINUE_BUTTON}</arg>
<kw name="Click" library="Browser">
<arg>${LOCATOR}</arg>
<tag>PageContent</tag>
<tag>Setter</tag>
<doc>Simulates mouse click on the element found by ``selector``.</doc>
<status status="PASS" starttime="20220807 23:12:11.183" endtime="20220807 23:12:11.230"/>
</kw>
<status status="PASS" starttime="20220807 23:12:11.183" endtime="20220807 23:12:11.230"/>
</kw>
<kw name="ChekoutOverviewPage.HeaderVisible" library="ChekoutOverviewPage">
<arg>${CHECKOUT_OVERVIEW_PAGE_TITLE}</arg>
<kw name="Get Element States" library="Browser">
<arg>${HEADER}</arg>
<arg>validate</arg>
<arg>value | visible</arg>
<tag>Assertion</tag>
<tag>Getter</tag>
<tag>PageContent</tag>
<doc>Get the active states from the element found by ``selector``.</doc>
<msg timestamp="20220807 23:12:11.260" level="INFO">States are: ['attached', 'visible', 'enabled', 'editable', 'defocused']</msg>
<status status="PASS" starttime="20220807 23:12:11.231" endtime="20220807 23:12:11.260"/>
</kw>
<status status="PASS" starttime="20220807 23:12:11.231" endtime="20220807 23:12:11.260"/>
</kw>
<kw name="ChekoutOverviewPage.GetUrl" library="ChekoutOverviewPage">
<arg>${CHECKOUT_OVERVIEW_PAGE_URL}</arg>
<kw name="Get Url" library="Browser">
<arg>==</arg>
<arg>${URL}</arg>
<tag>Assertion</tag>
<tag>Getter</tag>
<tag>PageContent</tag>
<doc>Returns the current URL.</doc>
<status status="PASS" starttime="20220807 23:12:11.261" endtime="20220807 23:12:11.262"/>
</kw>
<status status="PASS" starttime="20220807 23:12:11.260" endtime="20220807 23:12:11.263"/>
</kw>
<kw name=" ChekoutOverviewPage.InventoryItemNameVisible" library="ChekoutOverviewPage">
<arg>${CHECKOUT_OVERVIEW_PAGE_INVENTORY_ITEM_NAME}</arg>
<kw name="Get Element States" library="Browser">
<arg>${INVENTORY_ITEM}</arg>
<arg>validate</arg>
<arg>value | visible</arg>
<tag>Assertion</tag>
<tag>Getter</tag>
<tag>PageContent</tag>
<doc>Get the active states from the element found by ``selector``.</doc>
<msg timestamp="20220807 23:12:11.294" level="INFO">States are: ['attached', 'visible', 'enabled', 'editable', 'defocused']</msg>
<status status="PASS" starttime="20220807 23:12:11.263" endtime="20220807 23:12:11.294"/>
</kw>
<status status="PASS" starttime="20220807 23:12:11.263" endtime="20220807 23:12:11.294"/>
</kw>
<kw name="ChekoutOverviewPage.FinishButtonEnabled" library="ChekoutOverviewPage">
<arg>${FINISH_BUTTON}</arg>
<kw name="Get Element States" library="Browser">
<arg>${LOCATOR}</arg>
<arg>validate</arg>
<arg>value | enabled</arg>
<tag>Assertion</tag>
<tag>Getter</tag>
<tag>PageContent</tag>
<doc>Get the active states from the element found by ``selector``.</doc>
<msg timestamp="20220807 23:12:11.319" level="INFO">States are: ['attached', 'visible', 'enabled', 'editable', 'defocused']</msg>
<status status="PASS" starttime="20220807 23:12:11.295" endtime="20220807 23:12:11.319"/>
</kw>
<status status="PASS" starttime="20220807 23:12:11.294" endtime="20220807 23:12:11.319"/>
</kw>
<kw name="ChekoutOverviewPage.ClickFinishButton" library="ChekoutOverviewPage">
<arg>${FINISH_BUTTON}</arg>
<kw name="Click" library="Browser">
<arg>${LOCATOR}</arg>
<tag>PageContent</tag>
<tag>Setter</tag>
<doc>Simulates mouse click on the element found by ``selector``.</doc>
<status status="PASS" starttime="20220807 23:12:11.320" endtime="20220807 23:12:11.371"/>
</kw>
<status status="PASS" starttime="20220807 23:12:11.319" endtime="20220807 23:12:11.371"/>
</kw>
<kw name="CheckoutCompletePage.HeaderVisible" library="CheckoutCompletePage">
<arg>${CHECKOUT_COMPLETE_PAGE_TITLE}</arg>
<kw name="Get Element States" library="Browser">
<arg>${HEADER}</arg>
<arg>validate</arg>
<arg>value | visible</arg>
<tag>Assertion</tag>
<tag>Getter</tag>
<tag>PageContent</tag>
<doc>Get the active states from the element found by ``selector``.</doc>
<msg timestamp="20220807 23:12:11.405" level="INFO">States are: ['attached', 'visible', 'enabled', 'editable', 'defocused']</msg>
<status status="PASS" starttime="20220807 23:12:11.372" endtime="20220807 23:12:11.405"/>
</kw>
<status status="PASS" starttime="20220807 23:12:11.372" endtime="20220807 23:12:11.405"/>
</kw>
<kw name="CheckoutCompletePage.GetUrl" library="CheckoutCompletePage">
<arg>${CHECKOUT_COMPLETE_PAGE_URL}</arg>
<kw name="Get Url" library="Browser">
<arg>==</arg>
<arg>${URL}</arg>
<tag>Assertion</tag>
<tag>Getter</tag>
<tag>PageContent</tag>
<doc>Returns the current URL.</doc>
<status status="PASS" starttime="20220807 23:12:11.406" endtime="20220807 23:12:11.408"/>
</kw>
<status status="PASS" starttime="20220807 23:12:11.405" endtime="20220807 23:12:11.408"/>
</kw>
<kw name=" CheckoutCompletePage.HeaderAndMessagetextVisible" library="CheckoutCompletePage">
<arg>${CHECKOUT_COMPLETE_PAGE_THANK_YOU_HEADER}</arg>
<arg>${COMPLETE_TEXT_MESSAGE}</arg>
<kw name="Get Element States" library="Browser">
<arg>${HEADER}</arg>
<arg>validate</arg>
<arg>value | visible</arg>
<tag>Assertion</tag>
<tag>Getter</tag>
<tag>PageContent</tag>
<doc>Get the active states from the element found by ``selector``.</doc>
<msg timestamp="20220807 23:12:11.438" level="INFO">States are: ['attached', 'visible', 'enabled', 'editable', 'defocused']</msg>
<status status="PASS" starttime="20220807 23:12:11.409" endtime="20220807 23:12:11.439"/>
</kw>
<kw name="Get Element States" library="Browser">
<arg>${TEXT}</arg>
<arg>validate</arg>
<arg>value | visible</arg>
<tag>Assertion</tag>
<tag>Getter</tag>
<tag>PageContent</tag>
<doc>Get the active states from the element found by ``selector``.</doc>
<msg timestamp="20220807 23:12:11.460" level="INFO">States are: ['attached', 'visible', 'enabled', 'editable', 'defocused']</msg>
<status status="PASS" starttime="20220807 23:12:11.439" endtime="20220807 23:12:11.460"/>
</kw>
<status status="PASS" starttime="20220807 23:12:11.408" endtime="20220807 23:12:11.461"/>
</kw>
<kw name="CheckoutCompletePage.PonyImagevisible" library="CheckoutCompletePage">
<arg>${PONY_EXPRESS_IMAGE}</arg>
<kw name="Get Element States" library="Browser">
<arg>${LOCATOR}</arg>
<arg>validate</arg>
<arg>value | enabled</arg>
<tag>Assertion</tag>
<tag>Getter</tag>
<tag>PageContent</tag>
<doc>Get the active states from the element found by ``selector``.</doc>
<msg timestamp="20220807 23:12:11.486" level="INFO">States are: ['attached', 'visible', 'enabled', 'editable', 'defocused']</msg>
<status status="PASS" starttime="20220807 23:12:11.461" endtime="20220807 23:12:11.486"/>
</kw>
<status status="PASS" starttime="20220807 23:12:11.461" endtime="20220807 23:12:11.486"/>
</kw>
<kw name="CheckoutCompletePage.BackHomeButtoNEnabled" library="CheckoutCompletePage">
<arg>${BACK_HOME_BUTTON}</arg>
<kw name="Get Element States" library="Browser">
<arg>${LOCATOR}</arg>
<arg>validate</arg>
<arg>value | enabled</arg>
<tag>Assertion</tag>
<tag>Getter</tag>
<tag>PageContent</tag>
<doc>Get the active states from the element found by ``selector``.</doc>
<msg timestamp="20220807 23:12:11.517" level="INFO">States are: ['attached', 'visible', 'enabled', 'editable', 'defocused']</msg>
<status status="PASS" starttime="20220807 23:12:11.487" endtime="20220807 23:12:11.517"/>
</kw>
<status status="PASS" starttime="20220807 23:12:11.486" endtime="20220807 23:12:11.517"/>
</kw>
<kw name="CheckoutCompletePage.ClickBackHomeButton" library="CheckoutCompletePage">
<arg>${BACK_HOME_BUTTON}</arg>
<kw name="Click" library="Browser">
<arg>${LOCATOR}</arg>
<tag>PageContent</tag>
<tag>Setter</tag>
<doc>Simulates mouse click on the element found by ``selector``.</doc>
<status status="PASS" starttime="20220807 23:12:11.518" endtime="20220807 23:12:11.575"/>
</kw>
<status status="PASS" starttime="20220807 23:12:11.517" endtime="20220807 23:12:11.575"/>
</kw>
<kw name="ProductsPage.TitleVisible" library="ProductsPage">
<arg>${PRODUCTS_PAGE_TITLE}</arg>
<kw name="Get Element States" library="Browser">
<arg>${LOGO}</arg>
<arg>validate</arg>
<arg>value | visible</arg>
<tag>Assertion</tag>
<tag>Getter</tag>
<tag>PageContent</tag>
<doc>Get the active states from the element found by ``selector``.</doc>
<msg timestamp="20220807 23:12:11.653" level="INFO">States are: ['attached', 'visible', 'enabled', 'editable', 'defocused']</msg>
<status status="PASS" starttime="20220807 23:12:11.576" endtime="20220807 23:12:11.653"/>
</kw>
<status status="PASS" starttime="20220807 23:12:11.575" endtime="20220807 23:12:11.654"/>
</kw>
<kw name="ProductsPage.GetUrl" library="ProductsPage">
<arg>${TEST_DATA_PRODUCTS_PAGE_URL}</arg>
<kw name="Get Url" library="Browser">
<arg>==</arg>
<arg>${URL}</arg>
<tag>Assertion</tag>
<tag>Getter</tag>
<tag>PageContent</tag>
<doc>Returns the current URL.</doc>
<status status="PASS" starttime="20220807 23:12:11.654" endtime="20220807 23:12:11.655"/>
</kw>
<status status="PASS" starttime="20220807 23:12:11.654" endtime="20220807 23:12:11.655"/>
</kw>
<kw name="ProductsPage.WaitAndClick" library="ProductsPage">
<arg>${BURGER_BUTTON}</arg>
<kw name="Click" library="Browser">
<arg>${LOCATOR}</arg>
<tag>PageContent</tag>
<tag>Setter</tag>
<doc>Simulates mouse click on the element found by ``selector``.</doc>
<status status="PASS" starttime="20220807 23:12:11.656" endtime="20220807 23:12:11.689"/>
</kw>
<status status="PASS" starttime="20220807 23:12:11.656" endtime="20220807 23:12:11.689"/>
</kw>
<kw name="ProductsPage.WaitAndClick" library="ProductsPage">
<arg>${LOGOUT_BUTTON}</arg>
<kw name="Click" library="Browser">
<arg>${LOCATOR}</arg>
<tag>PageContent</tag>
<tag>Setter</tag>
<doc>Simulates mouse click on the element found by ``selector``.</doc>
<status status="PASS" starttime="20220807 23:12:11.689" endtime="20220807 23:12:12.247"/>
</kw>
<status status="PASS" starttime="20220807 23:12:11.689" endtime="20220807 23:12:12.247"/>
</kw>
<kw name="LoginPage.GetUrl" library="LoginPage">
<arg>${BASE_URL}</arg>
<kw name="Get Url" library="Browser">
<arg>==</arg>
<arg>${URL}</arg>
<tag>Assertion</tag>
<tag>Getter</tag>
<tag>PageContent</tag>
<doc>Returns the current URL.</doc>
<status status="PASS" starttime="20220807 23:12:12.248" endtime="20220807 23:12:12.249"/>
</kw>
<status status="PASS" starttime="20220807 23:12:12.247" endtime="20220807 23:12:12.250"/>
</kw>
<kw name="LoginPage.ElementVisible" library="LoginPage">
<arg>${BOT_IMAGE}</arg>
<kw name="Get Element States" library="Browser">
<arg>${LOCATOR}</arg>
<arg>validate</arg>
<arg>value | visible</arg>
<tag>Assertion</tag>
<tag>Getter</tag>
<tag>PageContent</tag>
<doc>Get the active states from the element found by ``selector``.</doc>
<msg timestamp="20220807 23:12:12.274" level="INFO">States are: ['attached', 'visible', 'enabled', 'editable', 'defocused']</msg>
<status status="PASS" starttime="20220807 23:12:12.250" endtime="20220807 23:12:12.274"/>
</kw>
<status status="PASS" starttime="20220807 23:12:12.250" endtime="20220807 23:12:12.274"/>
</kw>
<status status="PASS" starttime="20220807 23:12:09.057" endtime="20220807 23:12:12.274"/>
</test>
<doc>User completes the checkout workflow on the Saucedemo app</doc>
<status status="PASS" starttime="20220807 23:12:08.568" endtime="20220807 23:12:12.311"/>
</suite>
<statistics>
<total>
<stat pass="1" fail="0" skip="0">All Tests</stat>
</total>
<tag>
</tag>
<suite>
<stat pass="1" fail="0" skip="0" id="s1" name="CheckoutWorkflowTest">CheckoutWorkflowTest</stat>
</suite>
</statistics>
<errors>
</errors>
</robot>
