<?xml version="1.0" encoding="UTF-8"?>
<robot generator="Robot 7.1.1 (Python 3.13.1 on darwin)" generated="2024-12-25T12:50:26.917004" rpa="false" schemaversion="5">
<suite id="s1" name="CheckoutWorkflowTest" source="/Users/Jay/Workspace/RobotFramework-Playwright-Library-UI/Tests/CheckoutWorkflowTest.robot">
<test id="s1-t1" name="Login as a standard user to complete the checkout workflow" line="50">
<kw name="LoginPage.OpenApp" owner="LoginPage">
<kw name="New Browser" owner="Browser">
<msg time="2024-12-25T12:50:28.567744" level="INFO">{"browser": "webkit", "headless": false, "chromiumSandbox": false, "devtools": false, "handleSIGHUP": true, "handleSIGINT": true, "handleSIGTERM": true, "slowMo": 0.0, "timeout": 30000.0, "tracesDir": "/Users/Jay/Workspace/RobotFramework-Playwright-Library-UI/Report/browser/traces/temp/b1d21ae3-13d0-47df-9bf1-c8f059657841"}</msg>
<msg time="2024-12-25T12:50:28.817058" level="INFO">Starting Browser process /Library/Frameworks/Python.framework/Versions/3.13/lib/python3.13/site-packages/Browser/wrapper/index.js using port 49621</msg>
<msg time="2024-12-25T12:50:28.817337" level="INFO">Node startup parameters: ['node', '/Library/Frameworks/Python.framework/Versions/3.13/lib/python3.13/site-packages/Browser/wrapper/index.js', '49621']</msg>
<msg time="2024-12-25T12:50:35.640870" level="INFO">Successfully created browser with options: {"browser":"webkit","headless":false,"chromiumSandbox":false,"devtools":false,"handleSIGHUP":true,"handleSIGINT":true,"handleSIGTERM":true,"slowMo":0,"timeout":30000,"tracesDir":"/Users/Jay/Workspace/RobotFramework-Playwright-Library-UI/Report/browser/traces/temp/b1d21ae3-13d0-47df-9bf1-c8f059657841"}</msg>
<arg>webkit</arg>
<arg>headless=False</arg>
<tag>BrowserControl</tag>
<tag>Setter</tag>
<doc>Create a new playwright Browser with specified options.</doc>
<status status="PASS" start="2024-12-25T12:50:28.566977" elapsed="7.074169"/>
</kw>
<kw name="New Page" owner="Browser">
<msg time="2024-12-25T12:50:37.036035" level="INFO">Successfully initialized new page object and opened url: https://www.saucedemo.com/</msg>
<msg time="2024-12-25T12:50:37.036114" level="INFO">No context was open. New context was automatically opened when this page is created.</msg>
<arg>${BASE_URL}</arg>
<tag>BrowserControl</tag>
<tag>Setter</tag>
<doc>Open a new Page.</doc>
<status status="PASS" start="2024-12-25T12:50:35.641744" elapsed="1.394579"/>
</kw>
<status status="PASS" start="2024-12-25T12:50:28.566019" elapsed="8.470482"/>
</kw>
<kw name="LoginPage.TypeText" owner="LoginPage">
<kw name="Fill Text" owner="Browser">
<msg time="2024-12-25T12:50:37.037999" level="INFO">Fills the text 'standard_user' in the given field.</msg>
<arg>${LOCATOR}</arg>
<arg>${TEST_DATA}</arg>
<tag>PageContent</tag>
<tag>Setter</tag>
<doc>Clears and fills the given ``txt`` into the text field found by ``selector``.</doc>
<status status="PASS" start="2024-12-25T12:50:37.037462" elapsed="0.082002"/>
</kw>
<arg>${USERNAME}</arg>
<arg>${TEST_DATA_USERNAME}</arg>
<status status="PASS" start="2024-12-25T12:50:37.036915" elapsed="0.082724"/>
</kw>
<kw name="LoginPage.TypeText" owner="LoginPage">
<kw name="Fill Text" owner="Browser">
<msg time="2024-12-25T12:50:37.121179" level="INFO">Fills the text 'secret_sauce' in the given field.</msg>
<arg>${LOCATOR}</arg>
<arg>${TEST_DATA}</arg>
<tag>PageContent</tag>
<tag>Setter</tag>
<doc>Clears and fills the given ``txt`` into the text field found by ``selector``.</doc>
<status status="PASS" start="2024-12-25T12:50:37.120640" elapsed="0.012515"/>
</kw>
<arg>${PASSWORD}</arg>
<arg>${TEST_DATA_PASSWORD}</arg>
<status status="PASS" start="2024-12-25T12:50:37.120156" elapsed="0.013129"/>
</kw>
<kw name="LoginPage.WaitAndClick" owner="LoginPage">
<kw name="Wait For Elements State" owner="Browser">
<msg time="2024-12-25T12:50:37.153598" level="INFO">Waited for Element with selector data-test=login-button at state enabled</msg>
<arg>${LOCATOR}</arg>
<arg>enabled</arg>
<arg>timeout=2s</arg>
<tag>PageContent</tag>
<tag>Wait</tag>
<doc>Waits for the element found by ``selector`` to satisfy state option.</doc>
<status status="PASS" start="2024-12-25T12:50:37.134081" elapsed="0.019729"/>
</kw>
<kw name="Click" owner="Browser">
<msg time="2024-12-25T12:50:37.155005" level="INFO">Clicks the element 'data-test=login-button'.</msg>
<arg>${LOCATOR}</arg>
<tag>PageContent</tag>
<tag>Setter</tag>
<doc>Simulates mouse click on the element found by ``selector``.</doc>
<status status="PASS" start="2024-12-25T12:50:37.154081" elapsed="0.153859"/>
</kw>
<arg>${LOGIN_BUTTON}</arg>
<status status="PASS" start="2024-12-25T12:50:37.133699" elapsed="0.174436"/>
</kw>
<kw name="LoginPage.WaitForPageLoad" owner="LoginPage">
<kw name="Wait Until Network Is Idle" owner="Browser">
<msg time="2024-12-25T12:50:37.309292" level="WARN">Keyword 'Browser.Wait Until Network Is Idle' is deprecated. Use `Wait For Load State` instead. rfbrowser transform --wait-until-network-is-idle path/to/test command automatically transforms keyword to new format.</msg>
<msg time="2024-12-25T12:50:37.310150" level="INFO">Waiting page load to state to receive networkidle in 10000.0</msg>
<msg time="2024-12-25T12:50:38.860875" level="INFO">Load state networkidle got in 10000</msg>
<tag>HTTP</tag>
<tag>Wait</tag>
<doc>*DEPRECATED!!* Use `Wait For Load State` instead. rfbrowser transform --wait-until-network-is-idle path/to/test command automatically transforms keyword to new format.</doc>
<status status="PASS" start="2024-12-25T12:50:37.309145" elapsed="1.551883"/>
</kw>
<status status="PASS" start="2024-12-25T12:50:37.308575" elapsed="1.552565"/>
</kw>
<kw name="ProductsPage.GetTitle" owner="ProductsPage">
<kw name="Get Title" owner="Browser">
<msg time="2024-12-25T12:50:38.866217" level="INFO">Title: 'Swag Labs'</msg>
<arg>==</arg>
<arg>${TITLE}</arg>
<tag>Assertion</tag>
<tag>Getter</tag>
<tag>PageContent</tag>
<doc>Returns the title of the current page.</doc>
<status status="PASS" start="2024-12-25T12:50:38.861770" elapsed="0.004556"/>
</kw>
<arg>${TEST_DATA_PRODUCTS_PAGE_TITLE}</arg>
<status status="PASS" start="2024-12-25T12:50:38.861403" elapsed="0.005029"/>
</kw>
<kw name="ProductsPage.GetUrl" owner="ProductsPage">
<kw name="Get Url" owner="Browser">
<arg>==</arg>
<arg>${URL}</arg>
<tag>Assertion</tag>
<tag>Getter</tag>
<tag>PageContent</tag>
<doc>Returns the current URL.</doc>
<status status="PASS" start="2024-12-25T12:50:38.867203" elapsed="0.002940"/>
</kw>
<arg>${TEST_DATA_PRODUCTS_PAGE_URL}</arg>
<status status="PASS" start="2024-12-25T12:50:38.866691" elapsed="0.003576"/>
</kw>
<kw name="ProductsPage.LogoVisible" owner="ProductsPage">
<kw name="Get Element States" owner="Browser">
<msg time="2024-12-25T12:50:38.896116" level="INFO">States are: ['attached', 'visible', 'enabled', 'editable', 'defocused']</msg>
<arg>${LOGO}</arg>
<arg>validate</arg>
<arg>value | visible</arg>
<tag>Assertion</tag>
<tag>Getter</tag>
<tag>PageContent</tag>
<doc>Get the active states from the element found by ``selector``.</doc>
<status status="PASS" start="2024-12-25T12:50:38.871362" elapsed="0.024856"/>
</kw>
<arg>${PRODUCTS_APP_LOGO}</arg>
<status status="PASS" start="2024-12-25T12:50:38.870814" elapsed="0.025515"/>
</kw>
<kw name="ProductsPage.ImageVisible" owner="ProductsPage">
<kw name="Get Element States" owner="Browser">
<msg time="2024-12-25T12:50:39.151327" level="INFO">States are: ['detached']</msg>
<arg>${IMAGE}</arg>
<arg>validate</arg>
<arg>value | visible</arg>
<tag>Assertion</tag>
<tag>Getter</tag>
<tag>PageContent</tag>
<doc>Get the active states from the element found by ``selector``.</doc>
<status status="PASS" start="2024-12-25T12:50:38.896941" elapsed="0.254477"/>
</kw>
<arg>${PRODUCTS_PAGE_ICON}</arg>
<status status="PASS" start="2024-12-25T12:50:38.896583" elapsed="0.254945"/>
</kw>
<kw name="ProductsPage.BackPackImageVisible" owner="ProductsPage">
<kw name="Get Element States" owner="Browser">
<msg time="2024-12-25T12:50:39.171649" level="INFO">States are: ['attached', 'visible', 'enabled', 'editable', 'defocused']</msg>
<arg>${BACKPACK_IMAGE}</arg>
<arg>validate</arg>
<arg>value | visible</arg>
<tag>Assertion</tag>
<tag>Getter</tag>
<tag>PageContent</tag>
<doc>Get the active states from the element found by ``selector``.</doc>
<status status="PASS" start="2024-12-25T12:50:39.152147" elapsed="0.019599"/>
</kw>
<arg>${PRODUCT_BAGPACK_IMG}</arg>
<status status="PASS" start="2024-12-25T12:50:39.151794" elapsed="0.020132"/>
</kw>
<kw name="ProductsPage.ElementEnabled" owner="ProductsPage">
<kw name="Get Element States" owner="Browser">
<msg time="2024-12-25T12:50:39.189623" level="INFO">States are: ['attached', 'visible', 'enabled', 'editable', 'defocused']</msg>
<arg>${LOCATOR}</arg>
<arg>validate</arg>
<arg>value | enabled</arg>
<tag>Assertion</tag>
<tag>Getter</tag>
<tag>PageContent</tag>
<doc>Get the active states from the element found by ``selector``.</doc>
<status status="PASS" start="2024-12-25T12:50:39.172614" elapsed="0.017206"/>
</kw>
<arg>${PRODUCT_BAGPACK_ADD_TO_CART_BUTTON}</arg>
<status status="PASS" start="2024-12-25T12:50:39.172176" elapsed="0.017829"/>
</kw>
<kw name="ProductsPage.WaitAndClick" owner="ProductsPage">
<kw name="Click" owner="Browser">
<msg time="2024-12-25T12:50:39.191299" level="INFO">Clicks the element 'data-test=add-to-cart-sauce-labs-backpack'.</msg>
<arg>${LOCATOR}</arg>
<tag>PageContent</tag>
<tag>Setter</tag>
<doc>Simulates mouse click on the element found by ``selector``.</doc>
<status status="PASS" start="2024-12-25T12:50:39.190901" elapsed="0.034305"/>
</kw>
<arg>${PRODUCT_BAGPACK_ADD_TO_CART_BUTTON}</arg>
<status status="PASS" start="2024-12-25T12:50:39.190498" elapsed="0.034825"/>
</kw>
<kw name="ProductsPage.CartCountVisible" owner="ProductsPage">
<kw name="Get Element States" owner="Browser">
<msg time="2024-12-25T12:50:39.242048" level="INFO">States are: ['attached', 'visible', 'enabled', 'editable', 'defocused']</msg>
<arg>${COUNT}</arg>
<arg>validate</arg>
<arg>value | visible</arg>
<tag>Assertion</tag>
<tag>Getter</tag>
<tag>PageContent</tag>
<doc>Get the active states from the element found by ``selector``.</doc>
<status status="PASS" start="2024-12-25T12:50:39.225972" elapsed="0.016175"/>
</kw>
<arg>${CART_COUNT_VISIBLE}</arg>
<status status="PASS" start="2024-12-25T12:50:39.225575" elapsed="0.016680"/>
</kw>
<kw name="ProductsPage.WaitAndClick" owner="ProductsPage">
<kw name="Click" owner="Browser">
<msg time="2024-12-25T12:50:39.243455" level="INFO">Clicks the element 'css=a.shopping_cart_link'.</msg>
<arg>${LOCATOR}</arg>
<tag>PageContent</tag>
<tag>Setter</tag>
<doc>Simulates mouse click on the element found by ``selector``.</doc>
<status status="PASS" start="2024-12-25T12:50:39.243011" elapsed="0.055020"/>
</kw>
<arg>${SHOPPING_CART_LINK}</arg>
<status status="PASS" start="2024-12-25T12:50:39.242640" elapsed="0.055553"/>
</kw>
<kw name="YourCartPage.HeaderVisible" owner="YourCartPage">
<kw name="Get Element States" owner="Browser">
<msg time="2024-12-25T12:50:39.313658" level="INFO">States are: ['attached', 'visible', 'enabled', 'editable', 'defocused']</msg>
<arg>${HEADER}</arg>
<arg>validate</arg>
<arg>value | visible</arg>
<tag>Assertion</tag>
<tag>Getter</tag>
<tag>PageContent</tag>
<doc>Get the active states from the element found by ``selector``.</doc>
<status status="PASS" start="2024-12-25T12:50:39.299009" elapsed="0.014744"/>
</kw>
<arg>${YOUR_CART_PAGE_TITLE}</arg>
<status status="PASS" start="2024-12-25T12:50:39.298461" elapsed="0.015403"/>
</kw>
<kw name="YourCartPage.GetUrl" owner="YourCartPage">
<kw name="Get Url" owner="Browser">
<arg>==</arg>
<arg>${URL}</arg>
<tag>Assertion</tag>
<tag>Getter</tag>
<tag>PageContent</tag>
<doc>Returns the current URL.</doc>
<status status="PASS" start="2024-12-25T12:50:39.314453" elapsed="0.001693"/>
</kw>
<arg>${TEST_DATA_YOUR_CART_PAGE_URL}</arg>
<status status="PASS" start="2024-12-25T12:50:39.314111" elapsed="0.002124"/>
</kw>
<kw name=" YourCartPage.InventoryItemNameVisible" owner="YourCartPage">
<kw name="Get Element States" owner="Browser">
<msg time="2024-12-25T12:50:39.330788" level="INFO">States are: ['attached', 'visible', 'enabled', 'editable', 'defocused']</msg>
<arg>${INVENTORY_ITEM}</arg>
<arg>validate</arg>
<arg>value | visible</arg>
<tag>Assertion</tag>
<tag>Getter</tag>
<tag>PageContent</tag>
<doc>Get the active states from the element found by ``selector``.</doc>
<status status="PASS" start="2024-12-25T12:50:39.316727" elapsed="0.014156"/>
</kw>
<arg>${INVENTORY_ITEM_NAME}</arg>
<status status="PASS" start="2024-12-25T12:50:39.316432" elapsed="0.014555"/>
</kw>
<kw name="YourCartPage.CheckoutButtonEnabled" owner="YourCartPage">
<kw name="Get Element States" owner="Browser">
<msg time="2024-12-25T12:50:39.344383" level="INFO">States are: ['attached', 'visible', 'enabled', 'editable', 'defocused']</msg>
<arg>${LOCATOR}</arg>
<arg>validate</arg>
<arg>value | enabled</arg>
<tag>Assertion</tag>
<tag>Getter</tag>
<tag>PageContent</tag>
<doc>Get the active states from the element found by ``selector``.</doc>
<status status="PASS" start="2024-12-25T12:50:39.331656" elapsed="0.012833"/>
</kw>
<arg>${CHECKOUT_BUTTON}</arg>
<status status="PASS" start="2024-12-25T12:50:39.331294" elapsed="0.013301"/>
</kw>
<kw name="YourCartPage.ClickCheckoutButton" owner="YourCartPage">
<kw name="Click" owner="Browser">
<msg time="2024-12-25T12:50:39.345672" level="INFO">Clicks the element 'data-test=checkout'.</msg>
<arg>${LOCATOR}</arg>
<tag>PageContent</tag>
<tag>Setter</tag>
<doc>Simulates mouse click on the element found by ``selector``.</doc>
<status status="PASS" start="2024-12-25T12:50:39.345229" elapsed="0.030723"/>
</kw>
<arg>${CHECKOUT_BUTTON}</arg>
<status status="PASS" start="2024-12-25T12:50:39.344845" elapsed="0.031274"/>
</kw>
<kw name="CheckoutYourInformationPage.HeaderVisible" owner="CheckoutYourInformationPage">
<kw name="Get Element States" owner="Browser">
<msg time="2024-12-25T12:50:39.392894" level="INFO">States are: ['attached', 'visible', 'enabled', 'editable', 'defocused']</msg>
<arg>${HEADER}</arg>
<arg>validate</arg>
<arg>value | visible</arg>
<tag>Assertion</tag>
<tag>Getter</tag>
<tag>PageContent</tag>
<doc>Get the active states from the element found by ``selector``.</doc>
<status status="PASS" start="2024-12-25T12:50:39.376846" elapsed="0.016145"/>
</kw>
<arg>${CHECKOUT_YOUR_INFORMATION_PAGE_TITLE}</arg>
<status status="PASS" start="2024-12-25T12:50:39.376408" elapsed="0.016687"/>
</kw>
<kw name="CheckoutYourInformationPage.GetUrl" owner="CheckoutYourInformationPage">
<kw name="Get Url" owner="Browser">
<arg>==</arg>
<arg>${URL}</arg>
<tag>Assertion</tag>
<tag>Getter</tag>
<tag>PageContent</tag>
<doc>Returns the current URL.</doc>
<status status="PASS" start="2024-12-25T12:50:39.393812" elapsed="0.002040"/>
</kw>
<arg>${TEST_DATA_CHECKOUT_YOUR_INFORMATION_PAGE_URL}</arg>
<status status="PASS" start="2024-12-25T12:50:39.393405" elapsed="0.002571"/>
</kw>
<kw name="CheckoutYourInformationPage.TypeText" owner="CheckoutYourInformationPage">
<kw name="Fill Text" owner="Browser">
<msg time="2024-12-25T12:50:39.397338" level="INFO">Fills the text 'TEST123' in the given field.</msg>
<arg>${LOCATOR}</arg>
<arg>${TEST_DATA}</arg>
<tag>PageContent</tag>
<tag>Setter</tag>
<doc>Clears and fills the given ``txt`` into the text field found by ``selector``.</doc>
<status status="PASS" start="2024-12-25T12:50:39.396864" elapsed="0.073150"/>
</kw>
<arg>${FIRST_NAME}</arg>
<arg>${TEST_DATA_FIRSTNAME}</arg>
<status status="PASS" start="2024-12-25T12:50:39.396411" elapsed="0.073799"/>
</kw>
<kw name="CheckoutYourInformationPage.TypeText" owner="CheckoutYourInformationPage">
<kw name="Fill Text" owner="Browser">
<msg time="2024-12-25T12:50:39.472660" level="INFO">Fills the text 'TEST123' in the given field.</msg>
<arg>${LOCATOR}</arg>
<arg>${TEST_DATA}</arg>
<tag>PageContent</tag>
<tag>Setter</tag>
<doc>Clears and fills the given ``txt`` into the text field found by ``selector``.</doc>
<status status="PASS" start="2024-12-25T12:50:39.471663" elapsed="0.016067"/>
</kw>
<arg>${LAST_NAME}</arg>
<arg>${TEST_DATA_LASTNAME}</arg>
<status status="PASS" start="2024-12-25T12:50:39.470821" elapsed="0.017134"/>
</kw>
<kw name="CheckoutYourInformationPage.TypeText" owner="CheckoutYourInformationPage">
<kw name="Fill Text" owner="Browser">
<msg time="2024-12-25T12:50:39.490591" level="INFO">Fills the text '00989' in the given field.</msg>
<arg>${LOCATOR}</arg>
<arg>${TEST_DATA}</arg>
<tag>PageContent</tag>
<tag>Setter</tag>
<doc>Clears and fills the given ``txt`` into the text field found by ``selector``.</doc>
<status status="PASS" start="2024-12-25T12:50:39.489503" elapsed="0.018053"/>
</kw>
<arg>${POSTAL_CODE}</arg>
<arg>${TEST_DATA_POSTAL_CODE}</arg>
<status status="PASS" start="2024-12-25T12:50:39.488490" elapsed="0.019355"/>
</kw>
<kw name="CheckoutYourInformationPage.ContinueButtoNEnabled" owner="CheckoutYourInformationPage">
<kw name="Get Element States" owner="Browser">
<msg time="2024-12-25T12:50:39.532548" level="INFO">States are: ['attached', 'visible', 'enabled', 'editable', 'defocused']</msg>
<arg>${LOCATOR}</arg>
<arg>validate</arg>
<arg>value | enabled</arg>
<tag>Assertion</tag>
<tag>Getter</tag>
<tag>PageContent</tag>
<doc>Get the active states from the element found by ``selector``.</doc>
<status status="PASS" start="2024-12-25T12:50:39.509667" elapsed="0.022993"/>
</kw>
<arg>${CONTINUE_BUTTON}</arg>
<status status="PASS" start="2024-12-25T12:50:39.508753" elapsed="0.024024"/>
</kw>
<kw name="CheckoutYourInformationPage.ClickContinueButton" owner="CheckoutYourInformationPage">
<kw name="Click" owner="Browser">
<msg time="2024-12-25T12:50:39.534617" level="INFO">Clicks the element 'data-test=continue'.</msg>
<arg>${LOCATOR}</arg>
<tag>PageContent</tag>
<tag>Setter</tag>
<doc>Simulates mouse click on the element found by ``selector``.</doc>
<status status="PASS" start="2024-12-25T12:50:39.533849" elapsed="0.049538"/>
</kw>
<arg>${CONTINUE_BUTTON}</arg>
<status status="PASS" start="2024-12-25T12:50:39.533185" elapsed="0.050426"/>
</kw>
<kw name="ChekoutOverviewPage.HeaderVisible" owner="ChekoutOverviewPage">
<kw name="Get Element States" owner="Browser">
<msg time="2024-12-25T12:50:39.613023" level="INFO">States are: ['attached', 'visible', 'enabled', 'editable', 'defocused']</msg>
<arg>${HEADER}</arg>
<arg>validate</arg>
<arg>value | visible</arg>
<tag>Assertion</tag>
<tag>Getter</tag>
<tag>PageContent</tag>
<doc>Get the active states from the element found by ``selector``.</doc>
<status status="PASS" start="2024-12-25T12:50:39.585632" elapsed="0.027590"/>
</kw>
<arg>${CHECKOUT_OVERVIEW_PAGE_TITLE}</arg>
<status status="PASS" start="2024-12-25T12:50:39.584495" elapsed="0.029163"/>
</kw>
<kw name="ChekoutOverviewPage.GetUrl" owner="ChekoutOverviewPage">
<kw name="Get Url" owner="Browser">
<arg>==</arg>
<arg>${URL}</arg>
<tag>Assertion</tag>
<tag>Getter</tag>
<tag>PageContent</tag>
<doc>Returns the current URL.</doc>
<status status="PASS" start="2024-12-25T12:50:39.614615" elapsed="0.002324"/>
</kw>
<arg>${CHECKOUT_OVERVIEW_PAGE_URL}</arg>
<status status="PASS" start="2024-12-25T12:50:39.614034" elapsed="0.003119"/>
</kw>
<kw name=" ChekoutOverviewPage.InventoryItemNameVisible" owner="ChekoutOverviewPage">
<kw name="Get Element States" owner="Browser">
<msg time="2024-12-25T12:50:39.644879" level="INFO">States are: ['attached', 'visible', 'enabled', 'editable', 'defocused']</msg>
<arg>${INVENTORY_ITEM}</arg>
<arg>validate</arg>
<arg>value | visible</arg>
<tag>Assertion</tag>
<tag>Getter</tag>
<tag>PageContent</tag>
<doc>Get the active states from the element found by ``selector``.</doc>
<status status="PASS" start="2024-12-25T12:50:39.618378" elapsed="0.026607"/>
</kw>
<arg>${CHECKOUT_OVERVIEW_PAGE_INVENTORY_ITEM_NAME}</arg>
<status status="PASS" start="2024-12-25T12:50:39.617631" elapsed="0.027508"/>
</kw>
<kw name="ChekoutOverviewPage.FinishButtonEnabled" owner="ChekoutOverviewPage">
<kw name="Get Element States" owner="Browser">
<msg time="2024-12-25T12:50:39.661295" level="INFO">States are: ['attached', 'visible', 'enabled', 'editable', 'defocused']</msg>
<arg>${LOCATOR}</arg>
<arg>validate</arg>
<arg>value | enabled</arg>
<tag>Assertion</tag>
<tag>Getter</tag>
<tag>PageContent</tag>
<doc>Get the active states from the element found by ``selector``.</doc>
<status status="PASS" start="2024-12-25T12:50:39.645964" elapsed="0.015429"/>
</kw>
<arg>${FINISH_BUTTON}</arg>
<status status="PASS" start="2024-12-25T12:50:39.645608" elapsed="0.015891"/>
</kw>
<kw name="ChekoutOverviewPage.ClickFinishButton" owner="ChekoutOverviewPage">
<kw name="Click" owner="Browser">
<msg time="2024-12-25T12:50:39.662650" level="INFO">Clicks the element 'data-test=finish'.</msg>
<arg>${LOCATOR}</arg>
<tag>PageContent</tag>
<tag>Setter</tag>
<doc>Simulates mouse click on the element found by ``selector``.</doc>
<status status="PASS" start="2024-12-25T12:50:39.662240" elapsed="0.030012"/>
</kw>
<arg>${FINISH_BUTTON}</arg>
<status status="PASS" start="2024-12-25T12:50:39.661822" elapsed="0.030553"/>
</kw>
<kw name="CheckoutCompletePage.HeaderVisible" owner="CheckoutCompletePage">
<kw name="Get Element States" owner="Browser">
<msg time="2024-12-25T12:50:39.709015" level="INFO">States are: ['attached', 'visible', 'enabled', 'editable', 'defocused']</msg>
<arg>${HEADER}</arg>
<arg>validate</arg>
<arg>value | visible</arg>
<tag>Assertion</tag>
<tag>Getter</tag>
<tag>PageContent</tag>
<doc>Get the active states from the element found by ``selector``.</doc>
<status status="PASS" start="2024-12-25T12:50:39.693197" elapsed="0.015917"/>
</kw>
<arg>${CHECKOUT_COMPLETE_PAGE_TITLE}</arg>
<status status="PASS" start="2024-12-25T12:50:39.692789" elapsed="0.016485"/>
</kw>
<kw name="CheckoutCompletePage.GetUrl" owner="CheckoutCompletePage">
<kw name="Get Url" owner="Browser">
<arg>==</arg>
<arg>${URL}</arg>
<tag>Assertion</tag>
<tag>Getter</tag>
<tag>PageContent</tag>
<doc>Returns the current URL.</doc>
<status status="PASS" start="2024-12-25T12:50:39.709972" elapsed="0.002011"/>
</kw>
<arg>${CHECKOUT_COMPLETE_PAGE_URL}</arg>
<status status="PASS" start="2024-12-25T12:50:39.709613" elapsed="0.002488"/>
</kw>
<kw name=" CheckoutCompletePage.HeaderAndMessagetextVisible" owner="CheckoutCompletePage">
<kw name="Get Element States" owner="Browser">
<msg time="2024-12-25T12:50:39.728204" level="INFO">States are: ['attached', 'visible', 'enabled', 'editable', 'defocused']</msg>
<arg>${HEADER}</arg>
<arg>validate</arg>
<arg>value | visible</arg>
<tag>Assertion</tag>
<tag>Getter</tag>
<tag>PageContent</tag>
<doc>Get the active states from the element found by ``selector``.</doc>
<status status="PASS" start="2024-12-25T12:50:39.713332" elapsed="0.014967"/>
</kw>
<kw name="Get Element States" owner="Browser">
<msg time="2024-12-25T12:50:39.741462" level="INFO">States are: ['attached', 'visible', 'enabled', 'editable', 'defocused']</msg>
<arg>${TEXT}</arg>
<arg>validate</arg>
<arg>value | visible</arg>
<tag>Assertion</tag>
<tag>Getter</tag>
<tag>PageContent</tag>
<doc>Get the active states from the element found by ``selector``.</doc>
<status status="PASS" start="2024-12-25T12:50:39.728520" elapsed="0.013039"/>
</kw>
<arg>${CHECKOUT_COMPLETE_PAGE_THANK_YOU_HEADER}</arg>
<arg>${COMPLETE_TEXT_MESSAGE}</arg>
<status status="PASS" start="2024-12-25T12:50:39.712572" elapsed="0.029093"/>
</kw>
<kw name="CheckoutCompletePage.PonyImagevisible" owner="CheckoutCompletePage">
<kw name="Get Element States" owner="Browser">
<msg time="2024-12-25T12:50:39.755833" level="INFO">States are: ['attached', 'visible', 'enabled', 'editable', 'defocused']</msg>
<arg>${LOCATOR}</arg>
<arg>validate</arg>
<arg>value | enabled</arg>
<tag>Assertion</tag>
<tag>Getter</tag>
<tag>PageContent</tag>
<doc>Get the active states from the element found by ``selector``.</doc>
<status status="PASS" start="2024-12-25T12:50:39.742260" elapsed="0.013741"/>
</kw>
<arg>${PONY_EXPRESS_IMAGE}</arg>
<status status="PASS" start="2024-12-25T12:50:39.741918" elapsed="0.014214"/>
</kw>
<kw name="CheckoutCompletePage.BackHomeButtoNEnabled" owner="CheckoutCompletePage">
<kw name="Get Element States" owner="Browser">
<msg time="2024-12-25T12:50:39.769582" level="INFO">States are: ['attached', 'visible', 'enabled', 'editable', 'defocused']</msg>
<arg>${LOCATOR}</arg>
<arg>validate</arg>
<arg>value | enabled</arg>
<tag>Assertion</tag>
<tag>Getter</tag>
<tag>PageContent</tag>
<doc>Get the active states from the element found by ``selector``.</doc>
<status status="PASS" start="2024-12-25T12:50:39.756958" elapsed="0.012721"/>
</kw>
<arg>${BACK_HOME_BUTTON}</arg>
<status status="PASS" start="2024-12-25T12:50:39.756477" elapsed="0.013372"/>
</kw>
<kw name="CheckoutCompletePage.ClickBackHomeButton" owner="CheckoutCompletePage">
<kw name="Click" owner="Browser">
<msg time="2024-12-25T12:50:39.771205" level="INFO">Clicks the element 'data-test=back-to-products'.</msg>
<arg>${LOCATOR}</arg>
<tag>PageContent</tag>
<tag>Setter</tag>
<doc>Simulates mouse click on the element found by ``selector``.</doc>
<status status="PASS" start="2024-12-25T12:50:39.770630" elapsed="0.041846"/>
</kw>
<arg>${BACK_HOME_BUTTON}</arg>
<status status="PASS" start="2024-12-25T12:50:39.770154" elapsed="0.042517"/>
</kw>
<kw name="ProductsPage.TitleVisible" owner="ProductsPage">
<kw name="Get Element States" owner="Browser">
<msg time="2024-12-25T12:50:39.856033" level="INFO">States are: ['attached', 'visible', 'enabled', 'editable', 'defocused']</msg>
<arg>${LOGO}</arg>
<arg>validate</arg>
<arg>value | visible</arg>
<tag>Assertion</tag>
<tag>Getter</tag>
<tag>PageContent</tag>
<doc>Get the active states from the element found by ``selector``.</doc>
<status status="PASS" start="2024-12-25T12:50:39.813443" elapsed="0.042690"/>
</kw>
<arg>${PRODUCTS_PAGE_TITLE}</arg>
<status status="PASS" start="2024-12-25T12:50:39.813026" elapsed="0.043219"/>
</kw>
<kw name="ProductsPage.GetUrl" owner="ProductsPage">
<kw name="Get Url" owner="Browser">
<arg>==</arg>
<arg>${URL}</arg>
<tag>Assertion</tag>
<tag>Getter</tag>
<tag>PageContent</tag>
<doc>Returns the current URL.</doc>
<status status="PASS" start="2024-12-25T12:50:39.856849" elapsed="0.001801"/>
</kw>
<arg>${TEST_DATA_PRODUCTS_PAGE_URL}</arg>
<status status="PASS" start="2024-12-25T12:50:39.856496" elapsed="0.002256"/>
</kw>
<kw name="ProductsPage.WaitAndClick" owner="ProductsPage">
<kw name="Click" owner="Browser">
<msg time="2024-12-25T12:50:39.859720" level="INFO">Clicks the element 'css=#react-burger-menu-btn'.</msg>
<arg>${LOCATOR}</arg>
<tag>PageContent</tag>
<tag>Setter</tag>
<doc>Simulates mouse click on the element found by ``selector``.</doc>
<status status="PASS" start="2024-12-25T12:50:39.859323" elapsed="0.031313"/>
</kw>
<arg>${BURGER_BUTTON}</arg>
<status status="PASS" start="2024-12-25T12:50:39.858980" elapsed="0.031780"/>
</kw>
<kw name="ProductsPage.WaitAndClick" owner="ProductsPage">
<kw name="Click" owner="Browser">
<msg time="2024-12-25T12:50:39.891893" level="INFO">Clicks the element 'css=#logout_sidebar_link'.</msg>
<arg>${LOCATOR}</arg>
<tag>PageContent</tag>
<tag>Setter</tag>
<doc>Simulates mouse click on the element found by ``selector``.</doc>
<status status="PASS" start="2024-12-25T12:50:39.891465" elapsed="0.871485"/>
</kw>
<arg>${LOGOUT_BUTTON}</arg>
<status status="PASS" start="2024-12-25T12:50:39.891097" elapsed="0.872030"/>
</kw>
<kw name="LoginPage.GetUrl" owner="LoginPage">
<kw name="Get Url" owner="Browser">
<arg>==</arg>
<arg>${URL}</arg>
<tag>Assertion</tag>
<tag>Getter</tag>
<tag>PageContent</tag>
<doc>Returns the current URL.</doc>
<status status="PASS" start="2024-12-25T12:50:40.764171" elapsed="0.002837"/>
</kw>
<arg>${BASE_URL}</arg>
<status status="PASS" start="2024-12-25T12:50:40.763605" elapsed="0.003509"/>
</kw>
<kw name="LoginPage.ElementVisible" owner="LoginPage">
<kw name="Get Element States" owner="Browser">
<msg time="2024-12-25T12:50:41.023556" level="INFO">States are: ['detached']</msg>
<arg>${LOCATOR}</arg>
<arg>validate</arg>
<arg>value | visible</arg>
<tag>Assertion</tag>
<tag>Getter</tag>
<tag>PageContent</tag>
<doc>Get the active states from the element found by ``selector``.</doc>
<status status="PASS" start="2024-12-25T12:50:40.768195" elapsed="0.255459"/>
</kw>
<arg>${BOT_IMAGE}</arg>
<status status="PASS" start="2024-12-25T12:50:40.767405" elapsed="0.256353"/>
</kw>
<status status="PASS" start="2024-12-25T12:50:28.565173" elapsed="12.458813"/>
</test>
<doc>User completes the checkout workflow on the Saucedemo app</doc>
<status status="PASS" start="2024-12-25T12:50:26.918346" elapsed="14.172718"/>
</suite>
<statistics>
<total>
<stat pass="1" fail="0" skip="0">All Tests</stat>
</total>
<tag>
</tag>
<suite>
<stat pass="1" fail="0" skip="0" id="s1" name="CheckoutWorkflowTest">CheckoutWorkflowTest</stat>
</suite>
</statistics>
<errors>
<msg time="2024-12-25T12:50:37.309292" level="WARN">Keyword 'Browser.Wait Until Network Is Idle' is deprecated. Use `Wait For Load State` instead. rfbrowser transform --wait-until-network-is-idle path/to/test command automatically transforms keyword to new format.</msg>
</errors>
</robot>
